10:31:26.001 [http-nio-127.0.0.1-9091-exec-6] ERROR org.apache.catalina.core.ContainerBase.[Tomcat].[localhost].[/gremlin].[XtextServices] ID:  TS: - Servlet.service() for servlet [XtextServices] in context with path [/gremlin] threw exception [Servlet execution threw an exception] with root cause
java.lang.ClassNotFoundException: org.eclipse.xtext.web.server.InvalidRequestException$PermissionDeniedException
	at org.apache.catalina.loader.WebappClassLoaderBase.loadClass(WebappClassLoaderBase.java:1305) ~[tomcat-embed-core-8.0.23.jar:8.0.23]
	at org.apache.catalina.loader.WebappClassLoaderBase.loadClass(WebappClassLoaderBase.java:1157) ~[tomcat-embed-core-8.0.23.jar:8.0.23]
	at org.eclipse.xtext.web.servlet.XtextServlet.service(XtextServlet.java:83) ~[org.eclipse.xtext.web.servlet-2.9.1.jar:?]
	at javax.servlet.http.HttpServlet.service(HttpServlet.java:729) ~[tomcat-embed-core-8.0.23.jar:8.0.23]
	at org.apache.catalina.core.ApplicationFilterChain.internalDoFilter(ApplicationFilterChain.java:291) ~[tomcat-embed-core-8.0.23.jar:8.0.23]
	at org.apache.catalina.core.ApplicationFilterChain.doFilter(ApplicationFilterChain.java:206) ~[tomcat-embed-core-8.0.23.jar:8.0.23]
	at org.apache.logging.log4j.web.Log4jServletFilter.doFilter(Log4jServletFilter.java:71) ~[log4j-web-2.3.jar:2.3]
	at org.apache.catalina.core.ApplicationFilterChain.internalDoFilter(ApplicationFilterChain.java:239) ~[tomcat-embed-core-8.0.23.jar:8.0.23]
	at org.apache.catalina.core.ApplicationFilterChain.doFilter(ApplicationFilterChain.java:206) ~[tomcat-embed-core-8.0.23.jar:8.0.23]
	at org.apache.catalina.core.StandardWrapperValve.invoke(StandardWrapperValve.java:219) [tomcat-embed-core-8.0.23.jar:8.0.23]
	at org.apache.catalina.core.StandardContextValve.invoke(StandardContextValve.java:106) [tomcat-embed-core-8.0.23.jar:8.0.23]
	at org.apache.catalina.authenticator.AuthenticatorBase.invoke(AuthenticatorBase.java:502) [tomcat-embed-core-8.0.23.jar:8.0.23]
	at org.apache.catalina.core.StandardHostValve.invoke(StandardHostValve.java:142) [tomcat-embed-core-8.0.23.jar:8.0.23]
	at org.apache.catalina.valves.ErrorReportValve.invoke(ErrorReportValve.java:79) [tomcat-embed-core-8.0.23.jar:8.0.23]
	at org.apache.catalina.core.StandardEngineValve.invoke(StandardEngineValve.java:88) [tomcat-embed-core-8.0.23.jar:8.0.23]
	at org.apache.catalina.connector.CoyoteAdapter.service(CoyoteAdapter.java:518) [tomcat-embed-core-8.0.23.jar:8.0.23]
	at org.apache.coyote.http11.AbstractHttp11Processor.process(AbstractHttp11Processor.java:1091) [tomcat-embed-core-8.0.23.jar:8.0.23]
	at org.apache.coyote.AbstractProtocol$AbstractConnectionHandler.process(AbstractProtocol.java:668) [tomcat-embed-core-8.0.23.jar:8.0.23]
	at org.apache.tomcat.util.net.NioEndpoint$SocketProcessor.doRun(NioEndpoint.java:1521) [tomcat-embed-core-8.0.23.jar:8.0.23]
	at org.apache.tomcat.util.net.NioEndpoint$SocketProcessor.run(NioEndpoint.java:1478) [tomcat-embed-core-8.0.23.jar:8.0.23]
	at java.util.concurrent.ThreadPoolExecutor.runWorker(ThreadPoolExecutor.java:1142) [?:1.8.0_60]
	at java.util.concurrent.ThreadPoolExecutor$Worker.run(ThreadPoolExecutor.java:617) [?:1.8.0_60]
	at org.apache.tomcat.util.threads.TaskThread$WrappingRunnable.run(TaskThread.java:61) [tomcat-embed-core-8.0.23.jar:8.0.23]
	at java.lang.Thread.run(Thread.java:745) [?:1.8.0_60]
10:31:51.707 [http-nio-127.0.0.1-9091-exec-1] ERROR org.apache.catalina.core.ContainerBase.[Tomcat].[localhost].[/gremlin].[XtextServices] ID:  TS: - Servlet.service() for servlet [XtextServices] in context with path [/gremlin] threw exception [Servlet execution threw an exception] with root cause
java.lang.NoClassDefFoundError: org/eclipse/xtext/web/server/InvalidRequestException$PermissionDeniedException
	at org.eclipse.xtext.web.servlet.XtextServlet.service(XtextServlet.java:83) ~[org.eclipse.xtext.web.servlet-2.9.1.jar:?]
	at javax.servlet.http.HttpServlet.service(HttpServlet.java:729) ~[tomcat-embed-core-8.0.23.jar:8.0.23]
	at org.apache.catalina.core.ApplicationFilterChain.internalDoFilter(ApplicationFilterChain.java:291) ~[tomcat-embed-core-8.0.23.jar:8.0.23]
	at org.apache.catalina.core.ApplicationFilterChain.doFilter(ApplicationFilterChain.java:206) ~[tomcat-embed-core-8.0.23.jar:8.0.23]
	at org.apache.logging.log4j.web.Log4jServletFilter.doFilter(Log4jServletFilter.java:71) ~[log4j-web-2.3.jar:2.3]
	at org.apache.catalina.core.ApplicationFilterChain.internalDoFilter(ApplicationFilterChain.java:239) ~[tomcat-embed-core-8.0.23.jar:8.0.23]
	at org.apache.catalina.core.ApplicationFilterChain.doFilter(ApplicationFilterChain.java:206) ~[tomcat-embed-core-8.0.23.jar:8.0.23]
	at org.apache.catalina.core.StandardWrapperValve.invoke(StandardWrapperValve.java:219) [tomcat-embed-core-8.0.23.jar:8.0.23]
	at org.apache.catalina.core.StandardContextValve.invoke(StandardContextValve.java:106) [tomcat-embed-core-8.0.23.jar:8.0.23]
	at org.apache.catalina.authenticator.AuthenticatorBase.invoke(AuthenticatorBase.java:502) [tomcat-embed-core-8.0.23.jar:8.0.23]
	at org.apache.catalina.core.StandardHostValve.invoke(StandardHostValve.java:142) [tomcat-embed-core-8.0.23.jar:8.0.23]
	at org.apache.catalina.valves.ErrorReportValve.invoke(ErrorReportValve.java:79) [tomcat-embed-core-8.0.23.jar:8.0.23]
	at org.apache.catalina.core.StandardEngineValve.invoke(StandardEngineValve.java:88) [tomcat-embed-core-8.0.23.jar:8.0.23]
	at org.apache.catalina.connector.CoyoteAdapter.service(CoyoteAdapter.java:518) [tomcat-embed-core-8.0.23.jar:8.0.23]
	at org.apache.coyote.http11.AbstractHttp11Processor.process(AbstractHttp11Processor.java:1091) [tomcat-embed-core-8.0.23.jar:8.0.23]
	at org.apache.coyote.AbstractProtocol$AbstractConnectionHandler.process(AbstractProtocol.java:668) [tomcat-embed-core-8.0.23.jar:8.0.23]
	at org.apache.tomcat.util.net.NioEndpoint$SocketProcessor.doRun(NioEndpoint.java:1521) [tomcat-embed-core-8.0.23.jar:8.0.23]
	at org.apache.tomcat.util.net.NioEndpoint$SocketProcessor.run(NioEndpoint.java:1478) [tomcat-embed-core-8.0.23.jar:8.0.23]
	at java.util.concurrent.ThreadPoolExecutor.runWorker(ThreadPoolExecutor.java:1142) [?:1.8.0_60]
	at java.util.concurrent.ThreadPoolExecutor$Worker.run(ThreadPoolExecutor.java:617) [?:1.8.0_60]
	at org.apache.tomcat.util.threads.TaskThread$WrappingRunnable.run(TaskThread.java:61) [tomcat-embed-core-8.0.23.jar:8.0.23]
	at java.lang.Thread.run(Thread.java:745) [?:1.8.0_60]
10:40:20.466 [http-nio-127.0.0.1-9091-exec-5] ERROR org.apache.catalina.core.ContainerBase.[Tomcat].[localhost].[/gremlin].[XtextServices] ID:  TS: - Servlet.service() for servlet [XtextServices] in context with path [/gremlin] threw exception [Servlet execution threw an exception] with root cause
java.lang.NoClassDefFoundError: org/eclipse/xtext/web/server/InvalidRequestException$PermissionDeniedException
	at org.eclipse.xtext.web.servlet.XtextServlet.service(XtextServlet.java:83) ~[org.eclipse.xtext.web.servlet-2.9.1.jar:?]
	at javax.servlet.http.HttpServlet.service(HttpServlet.java:729) ~[tomcat-embed-core-8.0.23.jar:8.0.23]
	at org.apache.catalina.core.ApplicationFilterChain.internalDoFilter(ApplicationFilterChain.java:291) ~[tomcat-embed-core-8.0.23.jar:8.0.23]
	at org.apache.catalina.core.ApplicationFilterChain.doFilter(ApplicationFilterChain.java:206) ~[tomcat-embed-core-8.0.23.jar:8.0.23]
	at org.apache.logging.log4j.web.Log4jServletFilter.doFilter(Log4jServletFilter.java:71) ~[log4j-web-2.3.jar:2.3]
	at org.apache.catalina.core.ApplicationFilterChain.internalDoFilter(ApplicationFilterChain.java:239) ~[tomcat-embed-core-8.0.23.jar:8.0.23]
	at org.apache.catalina.core.ApplicationFilterChain.doFilter(ApplicationFilterChain.java:206) ~[tomcat-embed-core-8.0.23.jar:8.0.23]
	at org.apache.catalina.core.StandardWrapperValve.invoke(StandardWrapperValve.java:219) [tomcat-embed-core-8.0.23.jar:8.0.23]
	at org.apache.catalina.core.StandardContextValve.invoke(StandardContextValve.java:106) [tomcat-embed-core-8.0.23.jar:8.0.23]
	at org.apache.catalina.authenticator.AuthenticatorBase.invoke(AuthenticatorBase.java:502) [tomcat-embed-core-8.0.23.jar:8.0.23]
	at org.apache.catalina.core.StandardHostValve.invoke(StandardHostValve.java:142) [tomcat-embed-core-8.0.23.jar:8.0.23]
	at org.apache.catalina.valves.ErrorReportValve.invoke(ErrorReportValve.java:79) [tomcat-embed-core-8.0.23.jar:8.0.23]
	at org.apache.catalina.core.StandardEngineValve.invoke(StandardEngineValve.java:88) [tomcat-embed-core-8.0.23.jar:8.0.23]
	at org.apache.catalina.connector.CoyoteAdapter.service(CoyoteAdapter.java:518) [tomcat-embed-core-8.0.23.jar:8.0.23]
	at org.apache.coyote.http11.AbstractHttp11Processor.process(AbstractHttp11Processor.java:1091) [tomcat-embed-core-8.0.23.jar:8.0.23]
	at org.apache.coyote.AbstractProtocol$AbstractConnectionHandler.process(AbstractProtocol.java:668) [tomcat-embed-core-8.0.23.jar:8.0.23]
	at org.apache.tomcat.util.net.NioEndpoint$SocketProcessor.doRun(NioEndpoint.java:1521) [tomcat-embed-core-8.0.23.jar:8.0.23]
	at org.apache.tomcat.util.net.NioEndpoint$SocketProcessor.run(NioEndpoint.java:1478) [tomcat-embed-core-8.0.23.jar:8.0.23]
	at java.util.concurrent.ThreadPoolExecutor.runWorker(ThreadPoolExecutor.java:1142) [?:1.8.0_60]
	at java.util.concurrent.ThreadPoolExecutor$Worker.run(ThreadPoolExecutor.java:617) [?:1.8.0_60]
	at org.apache.tomcat.util.threads.TaskThread$WrappingRunnable.run(TaskThread.java:61) [tomcat-embed-core-8.0.23.jar:8.0.23]
	at java.lang.Thread.run(Thread.java:745) [?:1.8.0_60]
10:40:24.986 [http-nio-127.0.0.1-9091-exec-6] ERROR org.apache.catalina.core.ContainerBase.[Tomcat].[localhost].[/gremlin].[XtextServices] ID:  TS: - Servlet.service() for servlet [XtextServices] in context with path [/gremlin] threw exception [Servlet execution threw an exception] with root cause
java.lang.NoClassDefFoundError: org/eclipse/xtext/web/server/InvalidRequestException$PermissionDeniedException
	at org.eclipse.xtext.web.servlet.XtextServlet.service(XtextServlet.java:83) ~[org.eclipse.xtext.web.servlet-2.9.1.jar:?]
	at javax.servlet.http.HttpServlet.service(HttpServlet.java:729) ~[tomcat-embed-core-8.0.23.jar:8.0.23]
	at org.apache.catalina.core.ApplicationFilterChain.internalDoFilter(ApplicationFilterChain.java:291) ~[tomcat-embed-core-8.0.23.jar:8.0.23]
	at org.apache.catalina.core.ApplicationFilterChain.doFilter(ApplicationFilterChain.java:206) ~[tomcat-embed-core-8.0.23.jar:8.0.23]
	at org.apache.logging.log4j.web.Log4jServletFilter.doFilter(Log4jServletFilter.java:71) ~[log4j-web-2.3.jar:2.3]
	at org.apache.catalina.core.ApplicationFilterChain.internalDoFilter(ApplicationFilterChain.java:239) ~[tomcat-embed-core-8.0.23.jar:8.0.23]
	at org.apache.catalina.core.ApplicationFilterChain.doFilter(ApplicationFilterChain.java:206) ~[tomcat-embed-core-8.0.23.jar:8.0.23]
	at org.apache.catalina.core.StandardWrapperValve.invoke(StandardWrapperValve.java:219) [tomcat-embed-core-8.0.23.jar:8.0.23]
	at org.apache.catalina.core.StandardContextValve.invoke(StandardContextValve.java:106) [tomcat-embed-core-8.0.23.jar:8.0.23]
	at org.apache.catalina.authenticator.AuthenticatorBase.invoke(AuthenticatorBase.java:502) [tomcat-embed-core-8.0.23.jar:8.0.23]
	at org.apache.catalina.core.StandardHostValve.invoke(StandardHostValve.java:142) [tomcat-embed-core-8.0.23.jar:8.0.23]
	at org.apache.catalina.valves.ErrorReportValve.invoke(ErrorReportValve.java:79) [tomcat-embed-core-8.0.23.jar:8.0.23]
	at org.apache.catalina.core.StandardEngineValve.invoke(StandardEngineValve.java:88) [tomcat-embed-core-8.0.23.jar:8.0.23]
	at org.apache.catalina.connector.CoyoteAdapter.service(CoyoteAdapter.java:518) [tomcat-embed-core-8.0.23.jar:8.0.23]
	at org.apache.coyote.http11.AbstractHttp11Processor.process(AbstractHttp11Processor.java:1091) [tomcat-embed-core-8.0.23.jar:8.0.23]
	at org.apache.coyote.AbstractProtocol$AbstractConnectionHandler.process(AbstractProtocol.java:668) [tomcat-embed-core-8.0.23.jar:8.0.23]
	at org.apache.tomcat.util.net.NioEndpoint$SocketProcessor.doRun(NioEndpoint.java:1521) [tomcat-embed-core-8.0.23.jar:8.0.23]
	at org.apache.tomcat.util.net.NioEndpoint$SocketProcessor.run(NioEndpoint.java:1478) [tomcat-embed-core-8.0.23.jar:8.0.23]
	at java.util.concurrent.ThreadPoolExecutor.runWorker(ThreadPoolExecutor.java:1142) [?:1.8.0_60]
	at java.util.concurrent.ThreadPoolExecutor$Worker.run(ThreadPoolExecutor.java:617) [?:1.8.0_60]
	at org.apache.tomcat.util.threads.TaskThread$WrappingRunnable.run(TaskThread.java:61) [tomcat-embed-core-8.0.23.jar:8.0.23]
	at java.lang.Thread.run(Thread.java:745) [?:1.8.0_60]
10:58:29.622 [main] INFO  org.apache.catalina.core.StandardService ID:  TS: - Starting service Tomcat
10:58:29.622 [main] INFO  org.apache.catalina.core.StandardEngine ID:  TS: - Starting Servlet Engine: Apache Tomcat/8.0.23
10:58:29.714 [localhost-startStop-1] INFO  org.apache.catalina.startup.ContextConfig ID:  TS: - No global web.xml found
10:58:35.378 [localhost-startStop-1] INFO  org.apache.catalina.core.ContainerBase.[Tomcat].[localhost].[/api] ID:  TS: - Spring WebApplicationInitializers detected on classpath: [org.glassfish.jersey.server.spring.SpringWebApplicationInitializer@2700d489]
10:58:35.557 [localhost-startStop-1] INFO  org.apache.catalina.core.ContainerBase.[Tomcat].[localhost].[/api] ID:  TS: - Initializing Spring root WebApplicationContext
10:58:37.533 [main] INFO  com.datastax.studio.server.Bootstrap ID:  TS: - Studio is now running at: http://localhost:9091

13:29:03.053 [SimpleAsyncTaskExecutor-9] ERROR com.datastax.studio.execution.Executor ID:  TS: - Exception while executing cell a94983e5-fe63-4a78-8d93-71f745a89eb4.
java.util.concurrent.CompletionException: org.apache.tinkerpop.gremlin.driver.exception.ResponseException: No such property: clear for class: com.datastax.bdp.graph.api.schema.Schema
Possible solutions: class
	at java.util.concurrent.CompletableFuture.reportJoin(CompletableFuture.java:375) ~[?:1.8.0_60]
	at java.util.concurrent.CompletableFuture.join(CompletableFuture.java:1934) ~[?:1.8.0_60]
	at org.apache.tinkerpop.gremlin.driver.ResultSet.one(ResultSet.java:79) ~[gremlin-driver-3.2.1-20160617-668bee37.jar:3.2.1-20160617-668bee37]
	at org.apache.tinkerpop.gremlin.driver.ResultSet$1.hasNext(ResultSet.java:130) ~[gremlin-driver-3.2.1-20160617-668bee37.jar:3.2.1-20160617-668bee37]
	at com.datastax.studio.execution.gremlin.GremlinExecutor.execute(GremlinExecutor.java:108) ~[GremlinExecutor.class:?]
	at com.datastax.studio.execution.gremlin.GremlinExecutor.execute(GremlinExecutor.java:75) ~[GremlinExecutor.class:?]
	at com.datastax.studio.execution.Executor.executeCell(Executor.java:65) [Executor.class:?]
	at com.datastax.studio.execution.Executor$$FastClassBySpringCGLIB$$9b7957c2.invoke(<generated>) [spring-core-4.1.5.RELEASE.jar:?]
	at org.springframework.cglib.proxy.MethodProxy.invoke(MethodProxy.java:204) [spring-core-4.1.5.RELEASE.jar:4.1.5.RELEASE]
	at org.springframework.aop.framework.CglibAopProxy$CglibMethodInvocation.invokeJoinpoint(CglibAopProxy.java:717) [spring-aop-4.1.5.RELEASE.jar:4.1.5.RELEASE]
	at org.springframework.aop.framework.ReflectiveMethodInvocation.proceed(ReflectiveMethodInvocation.java:157) [spring-aop-4.1.5.RELEASE.jar:4.1.5.RELEASE]
	at org.springframework.aop.interceptor.AsyncExecutionInterceptor$1.call(AsyncExecutionInterceptor.java:110) [spring-aop-4.1.5.RELEASE.jar:4.1.5.RELEASE]
	at java.util.concurrent.FutureTask.run(FutureTask.java:266) [?:1.8.0_60]
	at java.lang.Thread.run(Thread.java:745) [?:1.8.0_60]
Caused by: org.apache.tinkerpop.gremlin.driver.exception.ResponseException: No such property: clear for class: com.datastax.bdp.graph.api.schema.Schema
Possible solutions: class
	at org.apache.tinkerpop.gremlin.driver.Handler$GremlinResponseHandler.channelRead0(Handler.java:201) ~[gremlin-driver-3.2.1-20160617-668bee37.jar:3.2.1-20160617-668bee37]
	at org.apache.tinkerpop.gremlin.driver.Handler$GremlinResponseHandler.channelRead0(Handler.java:172) ~[gremlin-driver-3.2.1-20160617-668bee37.jar:3.2.1-20160617-668bee37]
	at io.netty.channel.SimpleChannelInboundHandler.channelRead(SimpleChannelInboundHandler.java:105) ~[netty-all-4.0.33.Final.jar:4.0.33.Final]
	at io.netty.channel.AbstractChannelHandlerContext.invokeChannelRead(AbstractChannelHandlerContext.java:318) ~[netty-all-4.0.33.Final.jar:4.0.33.Final]
	at io.netty.channel.AbstractChannelHandlerContext.fireChannelRead(AbstractChannelHandlerContext.java:304) ~[netty-all-4.0.33.Final.jar:4.0.33.Final]
	at org.apache.tinkerpop.gremlin.driver.Handler$GremlinSaslAuthenticationHandler.channelRead0(Handler.java:100) ~[gremlin-driver-3.2.1-20160617-668bee37.jar:3.2.1-20160617-668bee37]
	at org.apache.tinkerpop.gremlin.driver.Handler$GremlinSaslAuthenticationHandler.channelRead0(Handler.java:67) ~[gremlin-driver-3.2.1-20160617-668bee37.jar:3.2.1-20160617-668bee37]
	at io.netty.channel.SimpleChannelInboundHandler.channelRead(SimpleChannelInboundHandler.java:105) ~[netty-all-4.0.33.Final.jar:4.0.33.Final]
	at io.netty.channel.AbstractChannelHandlerContext.invokeChannelRead(AbstractChannelHandlerContext.java:318) ~[netty-all-4.0.33.Final.jar:4.0.33.Final]
	at io.netty.channel.AbstractChannelHandlerContext.fireChannelRead(AbstractChannelHandlerContext.java:304) ~[netty-all-4.0.33.Final.jar:4.0.33.Final]
	at io.netty.handler.codec.MessageToMessageDecoder.channelRead(MessageToMessageDecoder.java:103) ~[netty-all-4.0.33.Final.jar:4.0.33.Final]
	at io.netty.channel.AbstractChannelHandlerContext.invokeChannelRead(AbstractChannelHandlerContext.java:318) ~[netty-all-4.0.33.Final.jar:4.0.33.Final]
	at io.netty.channel.AbstractChannelHandlerContext.fireChannelRead(AbstractChannelHandlerContext.java:304) ~[netty-all-4.0.33.Final.jar:4.0.33.Final]
	at org.apache.tinkerpop.gremlin.driver.handler.WebSocketClientHandler.channelRead0(WebSocketClientHandler.java:90) ~[gremlin-driver-3.2.1-20160617-668bee37.jar:3.2.1-20160617-668bee37]
	at io.netty.channel.SimpleChannelInboundHandler.channelRead(SimpleChannelInboundHandler.java:105) ~[netty-all-4.0.33.Final.jar:4.0.33.Final]
	at io.netty.channel.AbstractChannelHandlerContext.invokeChannelRead(AbstractChannelHandlerContext.java:318) ~[netty-all-4.0.33.Final.jar:4.0.33.Final]
	at io.netty.channel.AbstractChannelHandlerContext.fireChannelRead(AbstractChannelHandlerContext.java:304) ~[netty-all-4.0.33.Final.jar:4.0.33.Final]
	at io.netty.handler.codec.ByteToMessageDecoder.fireChannelRead(ByteToMessageDecoder.java:276) ~[netty-all-4.0.33.Final.jar:4.0.33.Final]
	at io.netty.handler.codec.ByteToMessageDecoder.channelRead(ByteToMessageDecoder.java:263) ~[netty-all-4.0.33.Final.jar:4.0.33.Final]
	at io.netty.channel.AbstractChannelHandlerContext.invokeChannelRead(AbstractChannelHandlerContext.java:318) ~[netty-all-4.0.33.Final.jar:4.0.33.Final]
	at io.netty.channel.AbstractChannelHandlerContext.fireChannelRead(AbstractChannelHandlerContext.java:304) ~[netty-all-4.0.33.Final.jar:4.0.33.Final]
	at io.netty.channel.DefaultChannelPipeline.fireChannelRead(DefaultChannelPipeline.java:846) ~[netty-all-4.0.33.Final.jar:4.0.33.Final]
	at io.netty.channel.nio.AbstractNioByteChannel$NioByteUnsafe.read(AbstractNioByteChannel.java:131) ~[netty-all-4.0.33.Final.jar:4.0.33.Final]
	at io.netty.channel.nio.NioEventLoop.processSelectedKey(NioEventLoop.java:511) ~[netty-all-4.0.33.Final.jar:4.0.33.Final]
	at io.netty.channel.nio.NioEventLoop.processSelectedKeysOptimized(NioEventLoop.java:468) ~[netty-all-4.0.33.Final.jar:4.0.33.Final]
	at io.netty.channel.nio.NioEventLoop.processSelectedKeys(NioEventLoop.java:382) ~[netty-all-4.0.33.Final.jar:4.0.33.Final]
	at io.netty.channel.nio.NioEventLoop.run(NioEventLoop.java:354) ~[netty-all-4.0.33.Final.jar:4.0.33.Final]
	at io.netty.util.concurrent.SingleThreadEventExecutor$2.run(SingleThreadEventExecutor.java:112) ~[netty-all-4.0.33.Final.jar:4.0.33.Final]
	... 1 more
14:11:14.171 [scheduled-executor-4] ERROR com.datastax.studio.graph.SchemaManager ID:  TS: - Unexpected exception while refreshing schema for connection Northwind: java.util.concurrent.CompletionException: org.apache.tinkerpop.gremlin.driver.exception.ResponseException: Error encountered while constructing Graph/TraversalSource - java.lang.IllegalArgumentException: Graph 'testGRYO' does not exist
14:11:14.985 [scheduled-executor-2] ERROR com.datastax.studio.graph.SchemaManager ID:  TS: - Unexpected exception while refreshing schema for connection Northwind: java.util.concurrent.CompletionException: org.apache.tinkerpop.gremlin.driver.exception.ResponseException: Error encountered while constructing Graph/TraversalSource - java.lang.IllegalArgumentException: Graph 'testGRYO' does not exist
14:11:17.983 [scheduled-executor-0] ERROR com.datastax.studio.graph.SchemaManager ID:  TS: - Unexpected exception while refreshing schema for connection Northwind: java.util.concurrent.CompletionException: org.apache.tinkerpop.gremlin.driver.exception.ResponseException: Error encountered while constructing Graph/TraversalSource - java.lang.IllegalArgumentException: Graph 'testGRYO' does not exist
14:11:20.983 [scheduled-executor-4] ERROR com.datastax.studio.graph.SchemaManager ID:  TS: - Unexpected exception while refreshing schema for connection Northwind: java.util.concurrent.CompletionException: org.apache.tinkerpop.gremlin.driver.exception.ResponseException: Error encountered while constructing Graph/TraversalSource - java.lang.IllegalArgumentException: Graph 'testGRYO' does not exist
14:11:23.981 [scheduled-executor-4] ERROR com.datastax.studio.graph.SchemaManager ID:  TS: - Unexpected exception while refreshing schema for connection Northwind: java.util.concurrent.CompletionException: org.apache.tinkerpop.gremlin.driver.exception.ResponseException: Error encountered while constructing Graph/TraversalSource - java.lang.IllegalArgumentException: Graph 'testGRYO' does not exist
14:11:26.982 [scheduled-executor-3] ERROR com.datastax.studio.graph.SchemaManager ID:  TS: - Unexpected exception while refreshing schema for connection Northwind: java.util.concurrent.CompletionException: org.apache.tinkerpop.gremlin.driver.exception.ResponseException: Error encountered while constructing Graph/TraversalSource - java.lang.IllegalArgumentException: Graph 'testGRYO' does not exist
14:11:29.982 [scheduled-executor-3] ERROR com.datastax.studio.graph.SchemaManager ID:  TS: - Unexpected exception while refreshing schema for connection Northwind: java.util.concurrent.CompletionException: org.apache.tinkerpop.gremlin.driver.exception.ResponseException: Error encountered while constructing Graph/TraversalSource - java.lang.IllegalArgumentException: Graph 'testGRYO' does not exist
14:11:32.983 [scheduled-executor-3] ERROR com.datastax.studio.graph.SchemaManager ID:  TS: - Unexpected exception while refreshing schema for connection Northwind: java.util.concurrent.CompletionException: org.apache.tinkerpop.gremlin.driver.exception.ResponseException: Error encountered while constructing Graph/TraversalSource - java.lang.IllegalArgumentException: Graph 'testGRYO' does not exist
14:11:35.983 [scheduled-executor-1] ERROR com.datastax.studio.graph.SchemaManager ID:  TS: - Unexpected exception while refreshing schema for connection Northwind: java.util.concurrent.CompletionException: org.apache.tinkerpop.gremlin.driver.exception.ResponseException: Error encountered while constructing Graph/TraversalSource - java.lang.IllegalArgumentException: Graph 'testGRYO' does not exist
14:11:38.982 [scheduled-executor-3] ERROR com.datastax.studio.graph.SchemaManager ID:  TS: - Unexpected exception while refreshing schema for connection Northwind: java.util.concurrent.CompletionException: org.apache.tinkerpop.gremlin.driver.exception.ResponseException: Error encountered while constructing Graph/TraversalSource - java.lang.IllegalArgumentException: Graph 'testGRYO' does not exist
14:11:41.985 [scheduled-executor-4] ERROR com.datastax.studio.graph.SchemaManager ID:  TS: - Unexpected exception while refreshing schema for connection Northwind: java.util.concurrent.CompletionException: org.apache.tinkerpop.gremlin.driver.exception.ResponseException: Error encountered while constructing Graph/TraversalSource - java.lang.IllegalArgumentException: Graph 'testGRYO' does not exist
14:11:44.983 [scheduled-executor-5] ERROR com.datastax.studio.graph.SchemaManager ID:  TS: - Unexpected exception while refreshing schema for connection Northwind: java.util.concurrent.CompletionException: org.apache.tinkerpop.gremlin.driver.exception.ResponseException: Error encountered while constructing Graph/TraversalSource - java.lang.IllegalArgumentException: Graph 'testGRYO' does not exist
14:11:47.982 [scheduled-executor-5] ERROR com.datastax.studio.graph.SchemaManager ID:  TS: - Unexpected exception while refreshing schema for connection Northwind: java.util.concurrent.CompletionException: org.apache.tinkerpop.gremlin.driver.exception.ResponseException: Error encountered while constructing Graph/TraversalSource - java.lang.IllegalArgumentException: Graph 'testGRYO' does not exist
14:11:50.984 [scheduled-executor-5] ERROR com.datastax.studio.graph.SchemaManager ID:  TS: - Unexpected exception while refreshing schema for connection Northwind: java.util.concurrent.CompletionException: org.apache.tinkerpop.gremlin.driver.exception.ResponseException: Error encountered while constructing Graph/TraversalSource - java.lang.IllegalArgumentException: Graph 'testGRYO' does not exist
14:11:53.982 [scheduled-executor-3] ERROR com.datastax.studio.graph.SchemaManager ID:  TS: - Unexpected exception while refreshing schema for connection Northwind: java.util.concurrent.CompletionException: org.apache.tinkerpop.gremlin.driver.exception.ResponseException: Error encountered while constructing Graph/TraversalSource - java.lang.IllegalArgumentException: Graph 'testGRYO' does not exist
14:11:56.981 [scheduled-executor-4] ERROR com.datastax.studio.graph.SchemaManager ID:  TS: - Unexpected exception while refreshing schema for connection Northwind: java.util.concurrent.CompletionException: org.apache.tinkerpop.gremlin.driver.exception.ResponseException: Error encountered while constructing Graph/TraversalSource - java.lang.IllegalArgumentException: Graph 'testGRYO' does not exist
14:11:59.982 [scheduled-executor-1] ERROR com.datastax.studio.graph.SchemaManager ID:  TS: - Unexpected exception while refreshing schema for connection Northwind: java.util.concurrent.CompletionException: org.apache.tinkerpop.gremlin.driver.exception.ResponseException: Error encountered while constructing Graph/TraversalSource - java.lang.IllegalArgumentException: Graph 'testGRYO' does not exist
14:12:02.982 [scheduled-executor-3] ERROR com.datastax.studio.graph.SchemaManager ID:  TS: - Unexpected exception while refreshing schema for connection Northwind: java.util.concurrent.CompletionException: org.apache.tinkerpop.gremlin.driver.exception.ResponseException: Error encountered while constructing Graph/TraversalSource - java.lang.IllegalArgumentException: Graph 'testGRYO' does not exist
14:12:05.982 [scheduled-executor-3] ERROR com.datastax.studio.graph.SchemaManager ID:  TS: - Unexpected exception while refreshing schema for connection Northwind: java.util.concurrent.CompletionException: org.apache.tinkerpop.gremlin.driver.exception.ResponseException: Error encountered while constructing Graph/TraversalSource - java.lang.IllegalArgumentException: Graph 'testGRYO' does not exist
14:12:08.982 [scheduled-executor-2] ERROR com.datastax.studio.graph.SchemaManager ID:  TS: - Unexpected exception while refreshing schema for connection Northwind: java.util.concurrent.CompletionException: org.apache.tinkerpop.gremlin.driver.exception.ResponseException: Error encountered while constructing Graph/TraversalSource - java.lang.IllegalArgumentException: Graph 'testGRYO' does not exist
14:27:21.564 [SimpleAsyncTaskExecutor-14] ERROR com.datastax.studio.execution.Executor ID:  TS: - Exception while executing cell a94983e5-fe63-4a78-8d93-71f745a89eb4.
java.util.concurrent.CompletionException: org.apache.tinkerpop.gremlin.driver.exception.ResponseException: Could not find an index to answer query clause and graph.allow_scan is disabled: ((label = category) | (label = country) | (label = customer) | (label = employee) | (label = facebookMember) | (label = item) | (label = order) | (label = product) | (label = region))
	at java.util.concurrent.CompletableFuture.reportJoin(CompletableFuture.java:375) ~[?:1.8.0_60]
	at java.util.concurrent.CompletableFuture.join(CompletableFuture.java:1934) ~[?:1.8.0_60]
	at org.apache.tinkerpop.gremlin.driver.ResultSet.one(ResultSet.java:79) ~[gremlin-driver-3.2.1-20160617-668bee37.jar:3.2.1-20160617-668bee37]
	at org.apache.tinkerpop.gremlin.driver.ResultSet$1.hasNext(ResultSet.java:130) ~[gremlin-driver-3.2.1-20160617-668bee37.jar:3.2.1-20160617-668bee37]
	at com.datastax.studio.execution.gremlin.GremlinExecutor.execute(GremlinExecutor.java:108) ~[GremlinExecutor.class:?]
	at com.datastax.studio.execution.gremlin.GremlinExecutor.execute(GremlinExecutor.java:75) ~[GremlinExecutor.class:?]
	at com.datastax.studio.execution.Executor.executeCell(Executor.java:65) [Executor.class:?]
	at com.datastax.studio.execution.Executor$$FastClassBySpringCGLIB$$9b7957c2.invoke(<generated>) [spring-core-4.1.5.RELEASE.jar:?]
	at org.springframework.cglib.proxy.MethodProxy.invoke(MethodProxy.java:204) [spring-core-4.1.5.RELEASE.jar:4.1.5.RELEASE]
	at org.springframework.aop.framework.CglibAopProxy$CglibMethodInvocation.invokeJoinpoint(CglibAopProxy.java:717) [spring-aop-4.1.5.RELEASE.jar:4.1.5.RELEASE]
	at org.springframework.aop.framework.ReflectiveMethodInvocation.proceed(ReflectiveMethodInvocation.java:157) [spring-aop-4.1.5.RELEASE.jar:4.1.5.RELEASE]
	at org.springframework.aop.interceptor.AsyncExecutionInterceptor$1.call(AsyncExecutionInterceptor.java:110) [spring-aop-4.1.5.RELEASE.jar:4.1.5.RELEASE]
	at java.util.concurrent.FutureTask.run(FutureTask.java:266) [?:1.8.0_60]
	at java.lang.Thread.run(Thread.java:745) [?:1.8.0_60]
Caused by: org.apache.tinkerpop.gremlin.driver.exception.ResponseException: Could not find an index to answer query clause and graph.allow_scan is disabled: ((label = category) | (label = country) | (label = customer) | (label = employee) | (label = facebookMember) | (label = item) | (label = order) | (label = product) | (label = region))
	at org.apache.tinkerpop.gremlin.driver.Handler$GremlinResponseHandler.channelRead0(Handler.java:201) ~[gremlin-driver-3.2.1-20160617-668bee37.jar:3.2.1-20160617-668bee37]
	at org.apache.tinkerpop.gremlin.driver.Handler$GremlinResponseHandler.channelRead0(Handler.java:172) ~[gremlin-driver-3.2.1-20160617-668bee37.jar:3.2.1-20160617-668bee37]
	at io.netty.channel.SimpleChannelInboundHandler.channelRead(SimpleChannelInboundHandler.java:105) ~[netty-all-4.0.33.Final.jar:4.0.33.Final]
	at io.netty.channel.AbstractChannelHandlerContext.invokeChannelRead(AbstractChannelHandlerContext.java:318) ~[netty-all-4.0.33.Final.jar:4.0.33.Final]
	at io.netty.channel.AbstractChannelHandlerContext.fireChannelRead(AbstractChannelHandlerContext.java:304) ~[netty-all-4.0.33.Final.jar:4.0.33.Final]
	at org.apache.tinkerpop.gremlin.driver.Handler$GremlinSaslAuthenticationHandler.channelRead0(Handler.java:100) ~[gremlin-driver-3.2.1-20160617-668bee37.jar:3.2.1-20160617-668bee37]
	at org.apache.tinkerpop.gremlin.driver.Handler$GremlinSaslAuthenticationHandler.channelRead0(Handler.java:67) ~[gremlin-driver-3.2.1-20160617-668bee37.jar:3.2.1-20160617-668bee37]
	at io.netty.channel.SimpleChannelInboundHandler.channelRead(SimpleChannelInboundHandler.java:105) ~[netty-all-4.0.33.Final.jar:4.0.33.Final]
	at io.netty.channel.AbstractChannelHandlerContext.invokeChannelRead(AbstractChannelHandlerContext.java:318) ~[netty-all-4.0.33.Final.jar:4.0.33.Final]
	at io.netty.channel.AbstractChannelHandlerContext.fireChannelRead(AbstractChannelHandlerContext.java:304) ~[netty-all-4.0.33.Final.jar:4.0.33.Final]
	at io.netty.handler.codec.MessageToMessageDecoder.channelRead(MessageToMessageDecoder.java:103) ~[netty-all-4.0.33.Final.jar:4.0.33.Final]
	at io.netty.channel.AbstractChannelHandlerContext.invokeChannelRead(AbstractChannelHandlerContext.java:318) ~[netty-all-4.0.33.Final.jar:4.0.33.Final]
	at io.netty.channel.AbstractChannelHandlerContext.fireChannelRead(AbstractChannelHandlerContext.java:304) ~[netty-all-4.0.33.Final.jar:4.0.33.Final]
	at org.apache.tinkerpop.gremlin.driver.handler.WebSocketClientHandler.channelRead0(WebSocketClientHandler.java:90) ~[gremlin-driver-3.2.1-20160617-668bee37.jar:3.2.1-20160617-668bee37]
	at io.netty.channel.SimpleChannelInboundHandler.channelRead(SimpleChannelInboundHandler.java:105) ~[netty-all-4.0.33.Final.jar:4.0.33.Final]
	at io.netty.channel.AbstractChannelHandlerContext.invokeChannelRead(AbstractChannelHandlerContext.java:318) ~[netty-all-4.0.33.Final.jar:4.0.33.Final]
	at io.netty.channel.AbstractChannelHandlerContext.fireChannelRead(AbstractChannelHandlerContext.java:304) ~[netty-all-4.0.33.Final.jar:4.0.33.Final]
	at io.netty.handler.codec.ByteToMessageDecoder.fireChannelRead(ByteToMessageDecoder.java:276) ~[netty-all-4.0.33.Final.jar:4.0.33.Final]
	at io.netty.handler.codec.ByteToMessageDecoder.channelRead(ByteToMessageDecoder.java:263) ~[netty-all-4.0.33.Final.jar:4.0.33.Final]
	at io.netty.channel.AbstractChannelHandlerContext.invokeChannelRead(AbstractChannelHandlerContext.java:318) ~[netty-all-4.0.33.Final.jar:4.0.33.Final]
	at io.netty.channel.AbstractChannelHandlerContext.fireChannelRead(AbstractChannelHandlerContext.java:304) ~[netty-all-4.0.33.Final.jar:4.0.33.Final]
	at io.netty.channel.DefaultChannelPipeline.fireChannelRead(DefaultChannelPipeline.java:846) ~[netty-all-4.0.33.Final.jar:4.0.33.Final]
	at io.netty.channel.nio.AbstractNioByteChannel$NioByteUnsafe.read(AbstractNioByteChannel.java:131) ~[netty-all-4.0.33.Final.jar:4.0.33.Final]
	at io.netty.channel.nio.NioEventLoop.processSelectedKey(NioEventLoop.java:511) ~[netty-all-4.0.33.Final.jar:4.0.33.Final]
	at io.netty.channel.nio.NioEventLoop.processSelectedKeysOptimized(NioEventLoop.java:468) ~[netty-all-4.0.33.Final.jar:4.0.33.Final]
	at io.netty.channel.nio.NioEventLoop.processSelectedKeys(NioEventLoop.java:382) ~[netty-all-4.0.33.Final.jar:4.0.33.Final]
	at io.netty.channel.nio.NioEventLoop.run(NioEventLoop.java:354) ~[netty-all-4.0.33.Final.jar:4.0.33.Final]
	at io.netty.util.concurrent.SingleThreadEventExecutor$2.run(SingleThreadEventExecutor.java:112) ~[netty-all-4.0.33.Final.jar:4.0.33.Final]
	... 1 more
14:27:40.695 [SimpleAsyncTaskExecutor-15] ERROR com.datastax.studio.execution.Executor ID:  TS: - Exception while executing cell a94983e5-fe63-4a78-8d93-71f745a89eb4.
java.util.concurrent.CompletionException: org.apache.tinkerpop.gremlin.driver.exception.ResponseException: Could not find an index to answer query clause and graph.allow_scan is disabled: ((label = category) | (label = country) | (label = customer) | (label = employee) | (label = facebookMember) | (label = item) | (label = order) | (label = product) | (label = region))
	at java.util.concurrent.CompletableFuture.reportJoin(CompletableFuture.java:375) ~[?:1.8.0_60]
	at java.util.concurrent.CompletableFuture.join(CompletableFuture.java:1934) ~[?:1.8.0_60]
	at org.apache.tinkerpop.gremlin.driver.ResultSet.one(ResultSet.java:79) ~[gremlin-driver-3.2.1-20160617-668bee37.jar:3.2.1-20160617-668bee37]
	at org.apache.tinkerpop.gremlin.driver.ResultSet$1.hasNext(ResultSet.java:130) ~[gremlin-driver-3.2.1-20160617-668bee37.jar:3.2.1-20160617-668bee37]
	at com.datastax.studio.execution.gremlin.GremlinExecutor.execute(GremlinExecutor.java:108) ~[GremlinExecutor.class:?]
	at com.datastax.studio.execution.gremlin.GremlinExecutor.execute(GremlinExecutor.java:75) ~[GremlinExecutor.class:?]
	at com.datastax.studio.execution.Executor.executeCell(Executor.java:65) [Executor.class:?]
	at com.datastax.studio.execution.Executor$$FastClassBySpringCGLIB$$9b7957c2.invoke(<generated>) [spring-core-4.1.5.RELEASE.jar:?]
	at org.springframework.cglib.proxy.MethodProxy.invoke(MethodProxy.java:204) [spring-core-4.1.5.RELEASE.jar:4.1.5.RELEASE]
	at org.springframework.aop.framework.CglibAopProxy$CglibMethodInvocation.invokeJoinpoint(CglibAopProxy.java:717) [spring-aop-4.1.5.RELEASE.jar:4.1.5.RELEASE]
	at org.springframework.aop.framework.ReflectiveMethodInvocation.proceed(ReflectiveMethodInvocation.java:157) [spring-aop-4.1.5.RELEASE.jar:4.1.5.RELEASE]
	at org.springframework.aop.interceptor.AsyncExecutionInterceptor$1.call(AsyncExecutionInterceptor.java:110) [spring-aop-4.1.5.RELEASE.jar:4.1.5.RELEASE]
	at java.util.concurrent.FutureTask.run(FutureTask.java:266) [?:1.8.0_60]
	at java.lang.Thread.run(Thread.java:745) [?:1.8.0_60]
Caused by: org.apache.tinkerpop.gremlin.driver.exception.ResponseException: Could not find an index to answer query clause and graph.allow_scan is disabled: ((label = category) | (label = country) | (label = customer) | (label = employee) | (label = facebookMember) | (label = item) | (label = order) | (label = product) | (label = region))
	at org.apache.tinkerpop.gremlin.driver.Handler$GremlinResponseHandler.channelRead0(Handler.java:201) ~[gremlin-driver-3.2.1-20160617-668bee37.jar:3.2.1-20160617-668bee37]
	at org.apache.tinkerpop.gremlin.driver.Handler$GremlinResponseHandler.channelRead0(Handler.java:172) ~[gremlin-driver-3.2.1-20160617-668bee37.jar:3.2.1-20160617-668bee37]
	at io.netty.channel.SimpleChannelInboundHandler.channelRead(SimpleChannelInboundHandler.java:105) ~[netty-all-4.0.33.Final.jar:4.0.33.Final]
	at io.netty.channel.AbstractChannelHandlerContext.invokeChannelRead(AbstractChannelHandlerContext.java:318) ~[netty-all-4.0.33.Final.jar:4.0.33.Final]
	at io.netty.channel.AbstractChannelHandlerContext.fireChannelRead(AbstractChannelHandlerContext.java:304) ~[netty-all-4.0.33.Final.jar:4.0.33.Final]
	at org.apache.tinkerpop.gremlin.driver.Handler$GremlinSaslAuthenticationHandler.channelRead0(Handler.java:100) ~[gremlin-driver-3.2.1-20160617-668bee37.jar:3.2.1-20160617-668bee37]
	at org.apache.tinkerpop.gremlin.driver.Handler$GremlinSaslAuthenticationHandler.channelRead0(Handler.java:67) ~[gremlin-driver-3.2.1-20160617-668bee37.jar:3.2.1-20160617-668bee37]
	at io.netty.channel.SimpleChannelInboundHandler.channelRead(SimpleChannelInboundHandler.java:105) ~[netty-all-4.0.33.Final.jar:4.0.33.Final]
	at io.netty.channel.AbstractChannelHandlerContext.invokeChannelRead(AbstractChannelHandlerContext.java:318) ~[netty-all-4.0.33.Final.jar:4.0.33.Final]
	at io.netty.channel.AbstractChannelHandlerContext.fireChannelRead(AbstractChannelHandlerContext.java:304) ~[netty-all-4.0.33.Final.jar:4.0.33.Final]
	at io.netty.handler.codec.MessageToMessageDecoder.channelRead(MessageToMessageDecoder.java:103) ~[netty-all-4.0.33.Final.jar:4.0.33.Final]
	at io.netty.channel.AbstractChannelHandlerContext.invokeChannelRead(AbstractChannelHandlerContext.java:318) ~[netty-all-4.0.33.Final.jar:4.0.33.Final]
	at io.netty.channel.AbstractChannelHandlerContext.fireChannelRead(AbstractChannelHandlerContext.java:304) ~[netty-all-4.0.33.Final.jar:4.0.33.Final]
	at org.apache.tinkerpop.gremlin.driver.handler.WebSocketClientHandler.channelRead0(WebSocketClientHandler.java:90) ~[gremlin-driver-3.2.1-20160617-668bee37.jar:3.2.1-20160617-668bee37]
	at io.netty.channel.SimpleChannelInboundHandler.channelRead(SimpleChannelInboundHandler.java:105) ~[netty-all-4.0.33.Final.jar:4.0.33.Final]
	at io.netty.channel.AbstractChannelHandlerContext.invokeChannelRead(AbstractChannelHandlerContext.java:318) ~[netty-all-4.0.33.Final.jar:4.0.33.Final]
	at io.netty.channel.AbstractChannelHandlerContext.fireChannelRead(AbstractChannelHandlerContext.java:304) ~[netty-all-4.0.33.Final.jar:4.0.33.Final]
	at io.netty.handler.codec.ByteToMessageDecoder.fireChannelRead(ByteToMessageDecoder.java:276) ~[netty-all-4.0.33.Final.jar:4.0.33.Final]
	at io.netty.handler.codec.ByteToMessageDecoder.channelRead(ByteToMessageDecoder.java:263) ~[netty-all-4.0.33.Final.jar:4.0.33.Final]
	at io.netty.channel.AbstractChannelHandlerContext.invokeChannelRead(AbstractChannelHandlerContext.java:318) ~[netty-all-4.0.33.Final.jar:4.0.33.Final]
	at io.netty.channel.AbstractChannelHandlerContext.fireChannelRead(AbstractChannelHandlerContext.java:304) ~[netty-all-4.0.33.Final.jar:4.0.33.Final]
	at io.netty.channel.DefaultChannelPipeline.fireChannelRead(DefaultChannelPipeline.java:846) ~[netty-all-4.0.33.Final.jar:4.0.33.Final]
	at io.netty.channel.nio.AbstractNioByteChannel$NioByteUnsafe.read(AbstractNioByteChannel.java:131) ~[netty-all-4.0.33.Final.jar:4.0.33.Final]
	at io.netty.channel.nio.NioEventLoop.processSelectedKey(NioEventLoop.java:511) ~[netty-all-4.0.33.Final.jar:4.0.33.Final]
	at io.netty.channel.nio.NioEventLoop.processSelectedKeysOptimized(NioEventLoop.java:468) ~[netty-all-4.0.33.Final.jar:4.0.33.Final]
	at io.netty.channel.nio.NioEventLoop.processSelectedKeys(NioEventLoop.java:382) ~[netty-all-4.0.33.Final.jar:4.0.33.Final]
	at io.netty.channel.nio.NioEventLoop.run(NioEventLoop.java:354) ~[netty-all-4.0.33.Final.jar:4.0.33.Final]
	at io.netty.util.concurrent.SingleThreadEventExecutor$2.run(SingleThreadEventExecutor.java:112) ~[netty-all-4.0.33.Final.jar:4.0.33.Final]
	... 1 more
14:29:49.054 [SimpleAsyncTaskExecutor-19] ERROR com.datastax.studio.execution.Executor ID:  TS: - Exception while executing cell 8782e117-ed25-4619-8731-f69769464e61.
java.util.concurrent.CompletionException: org.apache.tinkerpop.gremlin.driver.exception.ResponseException: startup failed:
Script18.groovy: 1: unexpected token: . @ line 1, column 27.
   g.V().has('city','London').
                             ^

1 error

	at java.util.concurrent.CompletableFuture.reportJoin(CompletableFuture.java:375) ~[?:1.8.0_60]
	at java.util.concurrent.CompletableFuture.join(CompletableFuture.java:1934) ~[?:1.8.0_60]
	at org.apache.tinkerpop.gremlin.driver.ResultSet.one(ResultSet.java:79) ~[gremlin-driver-3.2.1-20160617-668bee37.jar:3.2.1-20160617-668bee37]
	at org.apache.tinkerpop.gremlin.driver.ResultSet$1.hasNext(ResultSet.java:130) ~[gremlin-driver-3.2.1-20160617-668bee37.jar:3.2.1-20160617-668bee37]
	at com.datastax.studio.execution.gremlin.GremlinExecutor.execute(GremlinExecutor.java:108) ~[GremlinExecutor.class:?]
	at com.datastax.studio.execution.gremlin.GremlinExecutor.execute(GremlinExecutor.java:75) ~[GremlinExecutor.class:?]
	at com.datastax.studio.execution.Executor.executeCell(Executor.java:65) [Executor.class:?]
	at com.datastax.studio.execution.Executor$$FastClassBySpringCGLIB$$9b7957c2.invoke(<generated>) [spring-core-4.1.5.RELEASE.jar:?]
	at org.springframework.cglib.proxy.MethodProxy.invoke(MethodProxy.java:204) [spring-core-4.1.5.RELEASE.jar:4.1.5.RELEASE]
	at org.springframework.aop.framework.CglibAopProxy$CglibMethodInvocation.invokeJoinpoint(CglibAopProxy.java:717) [spring-aop-4.1.5.RELEASE.jar:4.1.5.RELEASE]
	at org.springframework.aop.framework.ReflectiveMethodInvocation.proceed(ReflectiveMethodInvocation.java:157) [spring-aop-4.1.5.RELEASE.jar:4.1.5.RELEASE]
	at org.springframework.aop.interceptor.AsyncExecutionInterceptor$1.call(AsyncExecutionInterceptor.java:110) [spring-aop-4.1.5.RELEASE.jar:4.1.5.RELEASE]
	at java.util.concurrent.FutureTask.run(FutureTask.java:266) [?:1.8.0_60]
	at java.lang.Thread.run(Thread.java:745) [?:1.8.0_60]
Caused by: org.apache.tinkerpop.gremlin.driver.exception.ResponseException: startup failed:
Script18.groovy: 1: unexpected token: . @ line 1, column 27.
   g.V().has('city','London').
                             ^

1 error

	at org.apache.tinkerpop.gremlin.driver.Handler$GremlinResponseHandler.channelRead0(Handler.java:201) ~[gremlin-driver-3.2.1-20160617-668bee37.jar:3.2.1-20160617-668bee37]
	at org.apache.tinkerpop.gremlin.driver.Handler$GremlinResponseHandler.channelRead0(Handler.java:172) ~[gremlin-driver-3.2.1-20160617-668bee37.jar:3.2.1-20160617-668bee37]
	at io.netty.channel.SimpleChannelInboundHandler.channelRead(SimpleChannelInboundHandler.java:105) ~[netty-all-4.0.33.Final.jar:4.0.33.Final]
	at io.netty.channel.AbstractChannelHandlerContext.invokeChannelRead(AbstractChannelHandlerContext.java:318) ~[netty-all-4.0.33.Final.jar:4.0.33.Final]
	at io.netty.channel.AbstractChannelHandlerContext.fireChannelRead(AbstractChannelHandlerContext.java:304) ~[netty-all-4.0.33.Final.jar:4.0.33.Final]
	at org.apache.tinkerpop.gremlin.driver.Handler$GremlinSaslAuthenticationHandler.channelRead0(Handler.java:100) ~[gremlin-driver-3.2.1-20160617-668bee37.jar:3.2.1-20160617-668bee37]
	at org.apache.tinkerpop.gremlin.driver.Handler$GremlinSaslAuthenticationHandler.channelRead0(Handler.java:67) ~[gremlin-driver-3.2.1-20160617-668bee37.jar:3.2.1-20160617-668bee37]
	at io.netty.channel.SimpleChannelInboundHandler.channelRead(SimpleChannelInboundHandler.java:105) ~[netty-all-4.0.33.Final.jar:4.0.33.Final]
	at io.netty.channel.AbstractChannelHandlerContext.invokeChannelRead(AbstractChannelHandlerContext.java:318) ~[netty-all-4.0.33.Final.jar:4.0.33.Final]
	at io.netty.channel.AbstractChannelHandlerContext.fireChannelRead(AbstractChannelHandlerContext.java:304) ~[netty-all-4.0.33.Final.jar:4.0.33.Final]
	at io.netty.handler.codec.MessageToMessageDecoder.channelRead(MessageToMessageDecoder.java:103) ~[netty-all-4.0.33.Final.jar:4.0.33.Final]
	at io.netty.channel.AbstractChannelHandlerContext.invokeChannelRead(AbstractChannelHandlerContext.java:318) ~[netty-all-4.0.33.Final.jar:4.0.33.Final]
	at io.netty.channel.AbstractChannelHandlerContext.fireChannelRead(AbstractChannelHandlerContext.java:304) ~[netty-all-4.0.33.Final.jar:4.0.33.Final]
	at org.apache.tinkerpop.gremlin.driver.handler.WebSocketClientHandler.channelRead0(WebSocketClientHandler.java:90) ~[gremlin-driver-3.2.1-20160617-668bee37.jar:3.2.1-20160617-668bee37]
	at io.netty.channel.SimpleChannelInboundHandler.channelRead(SimpleChannelInboundHandler.java:105) ~[netty-all-4.0.33.Final.jar:4.0.33.Final]
	at io.netty.channel.AbstractChannelHandlerContext.invokeChannelRead(AbstractChannelHandlerContext.java:318) ~[netty-all-4.0.33.Final.jar:4.0.33.Final]
	at io.netty.channel.AbstractChannelHandlerContext.fireChannelRead(AbstractChannelHandlerContext.java:304) ~[netty-all-4.0.33.Final.jar:4.0.33.Final]
	at io.netty.handler.codec.ByteToMessageDecoder.fireChannelRead(ByteToMessageDecoder.java:276) ~[netty-all-4.0.33.Final.jar:4.0.33.Final]
	at io.netty.handler.codec.ByteToMessageDecoder.channelRead(ByteToMessageDecoder.java:263) ~[netty-all-4.0.33.Final.jar:4.0.33.Final]
	at io.netty.channel.AbstractChannelHandlerContext.invokeChannelRead(AbstractChannelHandlerContext.java:318) ~[netty-all-4.0.33.Final.jar:4.0.33.Final]
	at io.netty.channel.AbstractChannelHandlerContext.fireChannelRead(AbstractChannelHandlerContext.java:304) ~[netty-all-4.0.33.Final.jar:4.0.33.Final]
	at io.netty.channel.DefaultChannelPipeline.fireChannelRead(DefaultChannelPipeline.java:846) ~[netty-all-4.0.33.Final.jar:4.0.33.Final]
	at io.netty.channel.nio.AbstractNioByteChannel$NioByteUnsafe.read(AbstractNioByteChannel.java:131) ~[netty-all-4.0.33.Final.jar:4.0.33.Final]
	at io.netty.channel.nio.NioEventLoop.processSelectedKey(NioEventLoop.java:511) ~[netty-all-4.0.33.Final.jar:4.0.33.Final]
	at io.netty.channel.nio.NioEventLoop.processSelectedKeysOptimized(NioEventLoop.java:468) ~[netty-all-4.0.33.Final.jar:4.0.33.Final]
	at io.netty.channel.nio.NioEventLoop.processSelectedKeys(NioEventLoop.java:382) ~[netty-all-4.0.33.Final.jar:4.0.33.Final]
	at io.netty.channel.nio.NioEventLoop.run(NioEventLoop.java:354) ~[netty-all-4.0.33.Final.jar:4.0.33.Final]
	at io.netty.util.concurrent.SingleThreadEventExecutor$2.run(SingleThreadEventExecutor.java:112) ~[netty-all-4.0.33.Final.jar:4.0.33.Final]
	... 1 more
14:30:07.775 [SimpleAsyncTaskExecutor-20] ERROR com.datastax.studio.execution.Executor ID:  TS: - Exception while executing cell 8782e117-ed25-4619-8731-f69769464e61.
java.util.concurrent.CompletionException: org.apache.tinkerpop.gremlin.driver.exception.ResponseException: startup failed:
Script19.groovy: 1: unexpected token: . @ line 1, column 48.
   ustomer').has('city','London').
                                 ^

1 error

	at java.util.concurrent.CompletableFuture.reportJoin(CompletableFuture.java:375) ~[?:1.8.0_60]
	at java.util.concurrent.CompletableFuture.join(CompletableFuture.java:1934) ~[?:1.8.0_60]
	at org.apache.tinkerpop.gremlin.driver.ResultSet.one(ResultSet.java:79) ~[gremlin-driver-3.2.1-20160617-668bee37.jar:3.2.1-20160617-668bee37]
	at org.apache.tinkerpop.gremlin.driver.ResultSet$1.hasNext(ResultSet.java:130) ~[gremlin-driver-3.2.1-20160617-668bee37.jar:3.2.1-20160617-668bee37]
	at com.datastax.studio.execution.gremlin.GremlinExecutor.execute(GremlinExecutor.java:108) ~[GremlinExecutor.class:?]
	at com.datastax.studio.execution.gremlin.GremlinExecutor.execute(GremlinExecutor.java:75) ~[GremlinExecutor.class:?]
	at com.datastax.studio.execution.Executor.executeCell(Executor.java:65) [Executor.class:?]
	at com.datastax.studio.execution.Executor$$FastClassBySpringCGLIB$$9b7957c2.invoke(<generated>) [spring-core-4.1.5.RELEASE.jar:?]
	at org.springframework.cglib.proxy.MethodProxy.invoke(MethodProxy.java:204) [spring-core-4.1.5.RELEASE.jar:4.1.5.RELEASE]
	at org.springframework.aop.framework.CglibAopProxy$CglibMethodInvocation.invokeJoinpoint(CglibAopProxy.java:717) [spring-aop-4.1.5.RELEASE.jar:4.1.5.RELEASE]
	at org.springframework.aop.framework.ReflectiveMethodInvocation.proceed(ReflectiveMethodInvocation.java:157) [spring-aop-4.1.5.RELEASE.jar:4.1.5.RELEASE]
	at org.springframework.aop.interceptor.AsyncExecutionInterceptor$1.call(AsyncExecutionInterceptor.java:110) [spring-aop-4.1.5.RELEASE.jar:4.1.5.RELEASE]
	at java.util.concurrent.FutureTask.run(FutureTask.java:266) [?:1.8.0_60]
	at java.lang.Thread.run(Thread.java:745) [?:1.8.0_60]
Caused by: org.apache.tinkerpop.gremlin.driver.exception.ResponseException: startup failed:
Script19.groovy: 1: unexpected token: . @ line 1, column 48.
   ustomer').has('city','London').
                                 ^

1 error

	at org.apache.tinkerpop.gremlin.driver.Handler$GremlinResponseHandler.channelRead0(Handler.java:201) ~[gremlin-driver-3.2.1-20160617-668bee37.jar:3.2.1-20160617-668bee37]
	at org.apache.tinkerpop.gremlin.driver.Handler$GremlinResponseHandler.channelRead0(Handler.java:172) ~[gremlin-driver-3.2.1-20160617-668bee37.jar:3.2.1-20160617-668bee37]
	at io.netty.channel.SimpleChannelInboundHandler.channelRead(SimpleChannelInboundHandler.java:105) ~[netty-all-4.0.33.Final.jar:4.0.33.Final]
	at io.netty.channel.AbstractChannelHandlerContext.invokeChannelRead(AbstractChannelHandlerContext.java:318) ~[netty-all-4.0.33.Final.jar:4.0.33.Final]
	at io.netty.channel.AbstractChannelHandlerContext.fireChannelRead(AbstractChannelHandlerContext.java:304) ~[netty-all-4.0.33.Final.jar:4.0.33.Final]
	at org.apache.tinkerpop.gremlin.driver.Handler$GremlinSaslAuthenticationHandler.channelRead0(Handler.java:100) ~[gremlin-driver-3.2.1-20160617-668bee37.jar:3.2.1-20160617-668bee37]
	at org.apache.tinkerpop.gremlin.driver.Handler$GremlinSaslAuthenticationHandler.channelRead0(Handler.java:67) ~[gremlin-driver-3.2.1-20160617-668bee37.jar:3.2.1-20160617-668bee37]
	at io.netty.channel.SimpleChannelInboundHandler.channelRead(SimpleChannelInboundHandler.java:105) ~[netty-all-4.0.33.Final.jar:4.0.33.Final]
	at io.netty.channel.AbstractChannelHandlerContext.invokeChannelRead(AbstractChannelHandlerContext.java:318) ~[netty-all-4.0.33.Final.jar:4.0.33.Final]
	at io.netty.channel.AbstractChannelHandlerContext.fireChannelRead(AbstractChannelHandlerContext.java:304) ~[netty-all-4.0.33.Final.jar:4.0.33.Final]
	at io.netty.handler.codec.MessageToMessageDecoder.channelRead(MessageToMessageDecoder.java:103) ~[netty-all-4.0.33.Final.jar:4.0.33.Final]
	at io.netty.channel.AbstractChannelHandlerContext.invokeChannelRead(AbstractChannelHandlerContext.java:318) ~[netty-all-4.0.33.Final.jar:4.0.33.Final]
	at io.netty.channel.AbstractChannelHandlerContext.fireChannelRead(AbstractChannelHandlerContext.java:304) ~[netty-all-4.0.33.Final.jar:4.0.33.Final]
	at org.apache.tinkerpop.gremlin.driver.handler.WebSocketClientHandler.channelRead0(WebSocketClientHandler.java:90) ~[gremlin-driver-3.2.1-20160617-668bee37.jar:3.2.1-20160617-668bee37]
	at io.netty.channel.SimpleChannelInboundHandler.channelRead(SimpleChannelInboundHandler.java:105) ~[netty-all-4.0.33.Final.jar:4.0.33.Final]
	at io.netty.channel.AbstractChannelHandlerContext.invokeChannelRead(AbstractChannelHandlerContext.java:318) ~[netty-all-4.0.33.Final.jar:4.0.33.Final]
	at io.netty.channel.AbstractChannelHandlerContext.fireChannelRead(AbstractChannelHandlerContext.java:304) ~[netty-all-4.0.33.Final.jar:4.0.33.Final]
	at io.netty.handler.codec.ByteToMessageDecoder.fireChannelRead(ByteToMessageDecoder.java:276) ~[netty-all-4.0.33.Final.jar:4.0.33.Final]
	at io.netty.handler.codec.ByteToMessageDecoder.channelRead(ByteToMessageDecoder.java:263) ~[netty-all-4.0.33.Final.jar:4.0.33.Final]
	at io.netty.channel.AbstractChannelHandlerContext.invokeChannelRead(AbstractChannelHandlerContext.java:318) ~[netty-all-4.0.33.Final.jar:4.0.33.Final]
	at io.netty.channel.AbstractChannelHandlerContext.fireChannelRead(AbstractChannelHandlerContext.java:304) ~[netty-all-4.0.33.Final.jar:4.0.33.Final]
	at io.netty.channel.DefaultChannelPipeline.fireChannelRead(DefaultChannelPipeline.java:846) ~[netty-all-4.0.33.Final.jar:4.0.33.Final]
	at io.netty.channel.nio.AbstractNioByteChannel$NioByteUnsafe.read(AbstractNioByteChannel.java:131) ~[netty-all-4.0.33.Final.jar:4.0.33.Final]
	at io.netty.channel.nio.NioEventLoop.processSelectedKey(NioEventLoop.java:511) ~[netty-all-4.0.33.Final.jar:4.0.33.Final]
	at io.netty.channel.nio.NioEventLoop.processSelectedKeysOptimized(NioEventLoop.java:468) ~[netty-all-4.0.33.Final.jar:4.0.33.Final]
	at io.netty.channel.nio.NioEventLoop.processSelectedKeys(NioEventLoop.java:382) ~[netty-all-4.0.33.Final.jar:4.0.33.Final]
	at io.netty.channel.nio.NioEventLoop.run(NioEventLoop.java:354) ~[netty-all-4.0.33.Final.jar:4.0.33.Final]
	at io.netty.util.concurrent.SingleThreadEventExecutor$2.run(SingleThreadEventExecutor.java:112) ~[netty-all-4.0.33.Final.jar:4.0.33.Final]
	... 1 more
14:31:13.844 [SimpleAsyncTaskExecutor-21] ERROR com.datastax.studio.execution.Executor ID:  TS: - Exception while executing cell 8782e117-ed25-4619-8731-f69769464e61.
java.util.concurrent.CompletionException: org.apache.tinkerpop.gremlin.driver.exception.ResponseException: startup failed:
Script20.groovy: 1: unexpected token: . @ line 1, column 48.
   ustomer').has('city','Torino').
                                 ^

1 error

	at java.util.concurrent.CompletableFuture.reportJoin(CompletableFuture.java:375) ~[?:1.8.0_60]
	at java.util.concurrent.CompletableFuture.join(CompletableFuture.java:1934) ~[?:1.8.0_60]
	at org.apache.tinkerpop.gremlin.driver.ResultSet.one(ResultSet.java:79) ~[gremlin-driver-3.2.1-20160617-668bee37.jar:3.2.1-20160617-668bee37]
	at org.apache.tinkerpop.gremlin.driver.ResultSet$1.hasNext(ResultSet.java:130) ~[gremlin-driver-3.2.1-20160617-668bee37.jar:3.2.1-20160617-668bee37]
	at com.datastax.studio.execution.gremlin.GremlinExecutor.execute(GremlinExecutor.java:108) ~[GremlinExecutor.class:?]
	at com.datastax.studio.execution.gremlin.GremlinExecutor.execute(GremlinExecutor.java:75) ~[GremlinExecutor.class:?]
	at com.datastax.studio.execution.Executor.executeCell(Executor.java:65) [Executor.class:?]
	at com.datastax.studio.execution.Executor$$FastClassBySpringCGLIB$$9b7957c2.invoke(<generated>) [spring-core-4.1.5.RELEASE.jar:?]
	at org.springframework.cglib.proxy.MethodProxy.invoke(MethodProxy.java:204) [spring-core-4.1.5.RELEASE.jar:4.1.5.RELEASE]
	at org.springframework.aop.framework.CglibAopProxy$CglibMethodInvocation.invokeJoinpoint(CglibAopProxy.java:717) [spring-aop-4.1.5.RELEASE.jar:4.1.5.RELEASE]
	at org.springframework.aop.framework.ReflectiveMethodInvocation.proceed(ReflectiveMethodInvocation.java:157) [spring-aop-4.1.5.RELEASE.jar:4.1.5.RELEASE]
	at org.springframework.aop.interceptor.AsyncExecutionInterceptor$1.call(AsyncExecutionInterceptor.java:110) [spring-aop-4.1.5.RELEASE.jar:4.1.5.RELEASE]
	at java.util.concurrent.FutureTask.run(FutureTask.java:266) [?:1.8.0_60]
	at java.lang.Thread.run(Thread.java:745) [?:1.8.0_60]
Caused by: org.apache.tinkerpop.gremlin.driver.exception.ResponseException: startup failed:
Script20.groovy: 1: unexpected token: . @ line 1, column 48.
   ustomer').has('city','Torino').
                                 ^

1 error

	at org.apache.tinkerpop.gremlin.driver.Handler$GremlinResponseHandler.channelRead0(Handler.java:201) ~[gremlin-driver-3.2.1-20160617-668bee37.jar:3.2.1-20160617-668bee37]
	at org.apache.tinkerpop.gremlin.driver.Handler$GremlinResponseHandler.channelRead0(Handler.java:172) ~[gremlin-driver-3.2.1-20160617-668bee37.jar:3.2.1-20160617-668bee37]
	at io.netty.channel.SimpleChannelInboundHandler.channelRead(SimpleChannelInboundHandler.java:105) ~[netty-all-4.0.33.Final.jar:4.0.33.Final]
	at io.netty.channel.AbstractChannelHandlerContext.invokeChannelRead(AbstractChannelHandlerContext.java:318) ~[netty-all-4.0.33.Final.jar:4.0.33.Final]
	at io.netty.channel.AbstractChannelHandlerContext.fireChannelRead(AbstractChannelHandlerContext.java:304) ~[netty-all-4.0.33.Final.jar:4.0.33.Final]
	at org.apache.tinkerpop.gremlin.driver.Handler$GremlinSaslAuthenticationHandler.channelRead0(Handler.java:100) ~[gremlin-driver-3.2.1-20160617-668bee37.jar:3.2.1-20160617-668bee37]
	at org.apache.tinkerpop.gremlin.driver.Handler$GremlinSaslAuthenticationHandler.channelRead0(Handler.java:67) ~[gremlin-driver-3.2.1-20160617-668bee37.jar:3.2.1-20160617-668bee37]
	at io.netty.channel.SimpleChannelInboundHandler.channelRead(SimpleChannelInboundHandler.java:105) ~[netty-all-4.0.33.Final.jar:4.0.33.Final]
	at io.netty.channel.AbstractChannelHandlerContext.invokeChannelRead(AbstractChannelHandlerContext.java:318) ~[netty-all-4.0.33.Final.jar:4.0.33.Final]
	at io.netty.channel.AbstractChannelHandlerContext.fireChannelRead(AbstractChannelHandlerContext.java:304) ~[netty-all-4.0.33.Final.jar:4.0.33.Final]
	at io.netty.handler.codec.MessageToMessageDecoder.channelRead(MessageToMessageDecoder.java:103) ~[netty-all-4.0.33.Final.jar:4.0.33.Final]
	at io.netty.channel.AbstractChannelHandlerContext.invokeChannelRead(AbstractChannelHandlerContext.java:318) ~[netty-all-4.0.33.Final.jar:4.0.33.Final]
	at io.netty.channel.AbstractChannelHandlerContext.fireChannelRead(AbstractChannelHandlerContext.java:304) ~[netty-all-4.0.33.Final.jar:4.0.33.Final]
	at org.apache.tinkerpop.gremlin.driver.handler.WebSocketClientHandler.channelRead0(WebSocketClientHandler.java:90) ~[gremlin-driver-3.2.1-20160617-668bee37.jar:3.2.1-20160617-668bee37]
	at io.netty.channel.SimpleChannelInboundHandler.channelRead(SimpleChannelInboundHandler.java:105) ~[netty-all-4.0.33.Final.jar:4.0.33.Final]
	at io.netty.channel.AbstractChannelHandlerContext.invokeChannelRead(AbstractChannelHandlerContext.java:318) ~[netty-all-4.0.33.Final.jar:4.0.33.Final]
	at io.netty.channel.AbstractChannelHandlerContext.fireChannelRead(AbstractChannelHandlerContext.java:304) ~[netty-all-4.0.33.Final.jar:4.0.33.Final]
	at io.netty.handler.codec.ByteToMessageDecoder.fireChannelRead(ByteToMessageDecoder.java:276) ~[netty-all-4.0.33.Final.jar:4.0.33.Final]
	at io.netty.handler.codec.ByteToMessageDecoder.channelRead(ByteToMessageDecoder.java:263) ~[netty-all-4.0.33.Final.jar:4.0.33.Final]
	at io.netty.channel.AbstractChannelHandlerContext.invokeChannelRead(AbstractChannelHandlerContext.java:318) ~[netty-all-4.0.33.Final.jar:4.0.33.Final]
	at io.netty.channel.AbstractChannelHandlerContext.fireChannelRead(AbstractChannelHandlerContext.java:304) ~[netty-all-4.0.33.Final.jar:4.0.33.Final]
	at io.netty.channel.DefaultChannelPipeline.fireChannelRead(DefaultChannelPipeline.java:846) ~[netty-all-4.0.33.Final.jar:4.0.33.Final]
	at io.netty.channel.nio.AbstractNioByteChannel$NioByteUnsafe.read(AbstractNioByteChannel.java:131) ~[netty-all-4.0.33.Final.jar:4.0.33.Final]
	at io.netty.channel.nio.NioEventLoop.processSelectedKey(NioEventLoop.java:511) ~[netty-all-4.0.33.Final.jar:4.0.33.Final]
	at io.netty.channel.nio.NioEventLoop.processSelectedKeysOptimized(NioEventLoop.java:468) ~[netty-all-4.0.33.Final.jar:4.0.33.Final]
	at io.netty.channel.nio.NioEventLoop.processSelectedKeys(NioEventLoop.java:382) ~[netty-all-4.0.33.Final.jar:4.0.33.Final]
	at io.netty.channel.nio.NioEventLoop.run(NioEventLoop.java:354) ~[netty-all-4.0.33.Final.jar:4.0.33.Final]
	at io.netty.util.concurrent.SingleThreadEventExecutor$2.run(SingleThreadEventExecutor.java:112) ~[netty-all-4.0.33.Final.jar:4.0.33.Final]
	... 1 more
14:40:33.260 [SimpleAsyncTaskExecutor-35] ERROR com.datastax.studio.execution.Executor ID:  TS: - Exception while executing cell 5d589502-8216-4910-9fd2-e16d77aa1e1f.
java.util.concurrent.CompletionException: org.apache.tinkerpop.gremlin.driver.exception.ResponseException: No signature of method: org.apache.tinkerpop.gremlin.process.traversal.dsl.graph.DefaultGraphTraversal.InvV() is applicable for argument types: () values: []
Possible solutions: init(), any(), any(groovy.lang.Closure), any(groovy.lang.Closure), find(), min()
	at java.util.concurrent.CompletableFuture.reportJoin(CompletableFuture.java:375) ~[?:1.8.0_60]
	at java.util.concurrent.CompletableFuture.join(CompletableFuture.java:1934) ~[?:1.8.0_60]
	at org.apache.tinkerpop.gremlin.driver.ResultSet.one(ResultSet.java:79) ~[gremlin-driver-3.2.1-20160617-668bee37.jar:3.2.1-20160617-668bee37]
	at org.apache.tinkerpop.gremlin.driver.ResultSet$1.hasNext(ResultSet.java:130) ~[gremlin-driver-3.2.1-20160617-668bee37.jar:3.2.1-20160617-668bee37]
	at com.datastax.studio.execution.gremlin.GremlinExecutor.execute(GremlinExecutor.java:108) ~[GremlinExecutor.class:?]
	at com.datastax.studio.execution.gremlin.GremlinExecutor.execute(GremlinExecutor.java:75) ~[GremlinExecutor.class:?]
	at com.datastax.studio.execution.Executor.executeCell(Executor.java:65) [Executor.class:?]
	at com.datastax.studio.execution.Executor$$FastClassBySpringCGLIB$$9b7957c2.invoke(<generated>) [spring-core-4.1.5.RELEASE.jar:?]
	at org.springframework.cglib.proxy.MethodProxy.invoke(MethodProxy.java:204) [spring-core-4.1.5.RELEASE.jar:4.1.5.RELEASE]
	at org.springframework.aop.framework.CglibAopProxy$CglibMethodInvocation.invokeJoinpoint(CglibAopProxy.java:717) [spring-aop-4.1.5.RELEASE.jar:4.1.5.RELEASE]
	at org.springframework.aop.framework.ReflectiveMethodInvocation.proceed(ReflectiveMethodInvocation.java:157) [spring-aop-4.1.5.RELEASE.jar:4.1.5.RELEASE]
	at org.springframework.aop.interceptor.AsyncExecutionInterceptor$1.call(AsyncExecutionInterceptor.java:110) [spring-aop-4.1.5.RELEASE.jar:4.1.5.RELEASE]
	at java.util.concurrent.FutureTask.run(FutureTask.java:266) [?:1.8.0_60]
	at java.lang.Thread.run(Thread.java:745) [?:1.8.0_60]
Caused by: org.apache.tinkerpop.gremlin.driver.exception.ResponseException: No signature of method: org.apache.tinkerpop.gremlin.process.traversal.dsl.graph.DefaultGraphTraversal.InvV() is applicable for argument types: () values: []
Possible solutions: init(), any(), any(groovy.lang.Closure), any(groovy.lang.Closure), find(), min()
	at org.apache.tinkerpop.gremlin.driver.Handler$GremlinResponseHandler.channelRead0(Handler.java:201) ~[gremlin-driver-3.2.1-20160617-668bee37.jar:3.2.1-20160617-668bee37]
	at org.apache.tinkerpop.gremlin.driver.Handler$GremlinResponseHandler.channelRead0(Handler.java:172) ~[gremlin-driver-3.2.1-20160617-668bee37.jar:3.2.1-20160617-668bee37]
	at io.netty.channel.SimpleChannelInboundHandler.channelRead(SimpleChannelInboundHandler.java:105) ~[netty-all-4.0.33.Final.jar:4.0.33.Final]
	at io.netty.channel.AbstractChannelHandlerContext.invokeChannelRead(AbstractChannelHandlerContext.java:318) ~[netty-all-4.0.33.Final.jar:4.0.33.Final]
	at io.netty.channel.AbstractChannelHandlerContext.fireChannelRead(AbstractChannelHandlerContext.java:304) ~[netty-all-4.0.33.Final.jar:4.0.33.Final]
	at org.apache.tinkerpop.gremlin.driver.Handler$GremlinSaslAuthenticationHandler.channelRead0(Handler.java:100) ~[gremlin-driver-3.2.1-20160617-668bee37.jar:3.2.1-20160617-668bee37]
	at org.apache.tinkerpop.gremlin.driver.Handler$GremlinSaslAuthenticationHandler.channelRead0(Handler.java:67) ~[gremlin-driver-3.2.1-20160617-668bee37.jar:3.2.1-20160617-668bee37]
	at io.netty.channel.SimpleChannelInboundHandler.channelRead(SimpleChannelInboundHandler.java:105) ~[netty-all-4.0.33.Final.jar:4.0.33.Final]
	at io.netty.channel.AbstractChannelHandlerContext.invokeChannelRead(AbstractChannelHandlerContext.java:318) ~[netty-all-4.0.33.Final.jar:4.0.33.Final]
	at io.netty.channel.AbstractChannelHandlerContext.fireChannelRead(AbstractChannelHandlerContext.java:304) ~[netty-all-4.0.33.Final.jar:4.0.33.Final]
	at io.netty.handler.codec.MessageToMessageDecoder.channelRead(MessageToMessageDecoder.java:103) ~[netty-all-4.0.33.Final.jar:4.0.33.Final]
	at io.netty.channel.AbstractChannelHandlerContext.invokeChannelRead(AbstractChannelHandlerContext.java:318) ~[netty-all-4.0.33.Final.jar:4.0.33.Final]
	at io.netty.channel.AbstractChannelHandlerContext.fireChannelRead(AbstractChannelHandlerContext.java:304) ~[netty-all-4.0.33.Final.jar:4.0.33.Final]
	at org.apache.tinkerpop.gremlin.driver.handler.WebSocketClientHandler.channelRead0(WebSocketClientHandler.java:90) ~[gremlin-driver-3.2.1-20160617-668bee37.jar:3.2.1-20160617-668bee37]
	at io.netty.channel.SimpleChannelInboundHandler.channelRead(SimpleChannelInboundHandler.java:105) ~[netty-all-4.0.33.Final.jar:4.0.33.Final]
	at io.netty.channel.AbstractChannelHandlerContext.invokeChannelRead(AbstractChannelHandlerContext.java:318) ~[netty-all-4.0.33.Final.jar:4.0.33.Final]
	at io.netty.channel.AbstractChannelHandlerContext.fireChannelRead(AbstractChannelHandlerContext.java:304) ~[netty-all-4.0.33.Final.jar:4.0.33.Final]
	at io.netty.handler.codec.ByteToMessageDecoder.fireChannelRead(ByteToMessageDecoder.java:276) ~[netty-all-4.0.33.Final.jar:4.0.33.Final]
	at io.netty.handler.codec.ByteToMessageDecoder.channelRead(ByteToMessageDecoder.java:263) ~[netty-all-4.0.33.Final.jar:4.0.33.Final]
	at io.netty.channel.AbstractChannelHandlerContext.invokeChannelRead(AbstractChannelHandlerContext.java:318) ~[netty-all-4.0.33.Final.jar:4.0.33.Final]
	at io.netty.channel.AbstractChannelHandlerContext.fireChannelRead(AbstractChannelHandlerContext.java:304) ~[netty-all-4.0.33.Final.jar:4.0.33.Final]
	at io.netty.channel.DefaultChannelPipeline.fireChannelRead(DefaultChannelPipeline.java:846) ~[netty-all-4.0.33.Final.jar:4.0.33.Final]
	at io.netty.channel.nio.AbstractNioByteChannel$NioByteUnsafe.read(AbstractNioByteChannel.java:131) ~[netty-all-4.0.33.Final.jar:4.0.33.Final]
	at io.netty.channel.nio.NioEventLoop.processSelectedKey(NioEventLoop.java:511) ~[netty-all-4.0.33.Final.jar:4.0.33.Final]
	at io.netty.channel.nio.NioEventLoop.processSelectedKeysOptimized(NioEventLoop.java:468) ~[netty-all-4.0.33.Final.jar:4.0.33.Final]
	at io.netty.channel.nio.NioEventLoop.processSelectedKeys(NioEventLoop.java:382) ~[netty-all-4.0.33.Final.jar:4.0.33.Final]
	at io.netty.channel.nio.NioEventLoop.run(NioEventLoop.java:354) ~[netty-all-4.0.33.Final.jar:4.0.33.Final]
	at io.netty.util.concurrent.SingleThreadEventExecutor$2.run(SingleThreadEventExecutor.java:112) ~[netty-all-4.0.33.Final.jar:4.0.33.Final]
	... 1 more
14:40:40.473 [SimpleAsyncTaskExecutor-36] ERROR com.datastax.studio.execution.Executor ID:  TS: - Exception while executing cell 5d589502-8216-4910-9fd2-e16d77aa1e1f.
java.util.concurrent.CompletionException: org.apache.tinkerpop.gremlin.driver.exception.ResponseException: No signature of method: org.apache.tinkerpop.gremlin.process.traversal.dsl.graph.DefaultGraphTraversal.InV() is applicable for argument types: () values: []
Possible solutions: any(), any(groovy.lang.Closure), any(groovy.lang.Closure), init(), find(), min()
	at java.util.concurrent.CompletableFuture.reportJoin(CompletableFuture.java:375) ~[?:1.8.0_60]
	at java.util.concurrent.CompletableFuture.join(CompletableFuture.java:1934) ~[?:1.8.0_60]
	at org.apache.tinkerpop.gremlin.driver.ResultSet.one(ResultSet.java:79) ~[gremlin-driver-3.2.1-20160617-668bee37.jar:3.2.1-20160617-668bee37]
	at org.apache.tinkerpop.gremlin.driver.ResultSet$1.hasNext(ResultSet.java:130) ~[gremlin-driver-3.2.1-20160617-668bee37.jar:3.2.1-20160617-668bee37]
	at com.datastax.studio.execution.gremlin.GremlinExecutor.execute(GremlinExecutor.java:108) ~[GremlinExecutor.class:?]
	at com.datastax.studio.execution.gremlin.GremlinExecutor.execute(GremlinExecutor.java:75) ~[GremlinExecutor.class:?]
	at com.datastax.studio.execution.Executor.executeCell(Executor.java:65) [Executor.class:?]
	at com.datastax.studio.execution.Executor$$FastClassBySpringCGLIB$$9b7957c2.invoke(<generated>) [spring-core-4.1.5.RELEASE.jar:?]
	at org.springframework.cglib.proxy.MethodProxy.invoke(MethodProxy.java:204) [spring-core-4.1.5.RELEASE.jar:4.1.5.RELEASE]
	at org.springframework.aop.framework.CglibAopProxy$CglibMethodInvocation.invokeJoinpoint(CglibAopProxy.java:717) [spring-aop-4.1.5.RELEASE.jar:4.1.5.RELEASE]
	at org.springframework.aop.framework.ReflectiveMethodInvocation.proceed(ReflectiveMethodInvocation.java:157) [spring-aop-4.1.5.RELEASE.jar:4.1.5.RELEASE]
	at org.springframework.aop.interceptor.AsyncExecutionInterceptor$1.call(AsyncExecutionInterceptor.java:110) [spring-aop-4.1.5.RELEASE.jar:4.1.5.RELEASE]
	at java.util.concurrent.FutureTask.run(FutureTask.java:266) [?:1.8.0_60]
	at java.lang.Thread.run(Thread.java:745) [?:1.8.0_60]
Caused by: org.apache.tinkerpop.gremlin.driver.exception.ResponseException: No signature of method: org.apache.tinkerpop.gremlin.process.traversal.dsl.graph.DefaultGraphTraversal.InV() is applicable for argument types: () values: []
Possible solutions: any(), any(groovy.lang.Closure), any(groovy.lang.Closure), init(), find(), min()
	at org.apache.tinkerpop.gremlin.driver.Handler$GremlinResponseHandler.channelRead0(Handler.java:201) ~[gremlin-driver-3.2.1-20160617-668bee37.jar:3.2.1-20160617-668bee37]
	at org.apache.tinkerpop.gremlin.driver.Handler$GremlinResponseHandler.channelRead0(Handler.java:172) ~[gremlin-driver-3.2.1-20160617-668bee37.jar:3.2.1-20160617-668bee37]
	at io.netty.channel.SimpleChannelInboundHandler.channelRead(SimpleChannelInboundHandler.java:105) ~[netty-all-4.0.33.Final.jar:4.0.33.Final]
	at io.netty.channel.AbstractChannelHandlerContext.invokeChannelRead(AbstractChannelHandlerContext.java:318) ~[netty-all-4.0.33.Final.jar:4.0.33.Final]
	at io.netty.channel.AbstractChannelHandlerContext.fireChannelRead(AbstractChannelHandlerContext.java:304) ~[netty-all-4.0.33.Final.jar:4.0.33.Final]
	at org.apache.tinkerpop.gremlin.driver.Handler$GremlinSaslAuthenticationHandler.channelRead0(Handler.java:100) ~[gremlin-driver-3.2.1-20160617-668bee37.jar:3.2.1-20160617-668bee37]
	at org.apache.tinkerpop.gremlin.driver.Handler$GremlinSaslAuthenticationHandler.channelRead0(Handler.java:67) ~[gremlin-driver-3.2.1-20160617-668bee37.jar:3.2.1-20160617-668bee37]
	at io.netty.channel.SimpleChannelInboundHandler.channelRead(SimpleChannelInboundHandler.java:105) ~[netty-all-4.0.33.Final.jar:4.0.33.Final]
	at io.netty.channel.AbstractChannelHandlerContext.invokeChannelRead(AbstractChannelHandlerContext.java:318) ~[netty-all-4.0.33.Final.jar:4.0.33.Final]
	at io.netty.channel.AbstractChannelHandlerContext.fireChannelRead(AbstractChannelHandlerContext.java:304) ~[netty-all-4.0.33.Final.jar:4.0.33.Final]
	at io.netty.handler.codec.MessageToMessageDecoder.channelRead(MessageToMessageDecoder.java:103) ~[netty-all-4.0.33.Final.jar:4.0.33.Final]
	at io.netty.channel.AbstractChannelHandlerContext.invokeChannelRead(AbstractChannelHandlerContext.java:318) ~[netty-all-4.0.33.Final.jar:4.0.33.Final]
	at io.netty.channel.AbstractChannelHandlerContext.fireChannelRead(AbstractChannelHandlerContext.java:304) ~[netty-all-4.0.33.Final.jar:4.0.33.Final]
	at org.apache.tinkerpop.gremlin.driver.handler.WebSocketClientHandler.channelRead0(WebSocketClientHandler.java:90) ~[gremlin-driver-3.2.1-20160617-668bee37.jar:3.2.1-20160617-668bee37]
	at io.netty.channel.SimpleChannelInboundHandler.channelRead(SimpleChannelInboundHandler.java:105) ~[netty-all-4.0.33.Final.jar:4.0.33.Final]
	at io.netty.channel.AbstractChannelHandlerContext.invokeChannelRead(AbstractChannelHandlerContext.java:318) ~[netty-all-4.0.33.Final.jar:4.0.33.Final]
	at io.netty.channel.AbstractChannelHandlerContext.fireChannelRead(AbstractChannelHandlerContext.java:304) ~[netty-all-4.0.33.Final.jar:4.0.33.Final]
	at io.netty.handler.codec.ByteToMessageDecoder.fireChannelRead(ByteToMessageDecoder.java:276) ~[netty-all-4.0.33.Final.jar:4.0.33.Final]
	at io.netty.handler.codec.ByteToMessageDecoder.channelRead(ByteToMessageDecoder.java:263) ~[netty-all-4.0.33.Final.jar:4.0.33.Final]
	at io.netty.channel.AbstractChannelHandlerContext.invokeChannelRead(AbstractChannelHandlerContext.java:318) ~[netty-all-4.0.33.Final.jar:4.0.33.Final]
	at io.netty.channel.AbstractChannelHandlerContext.fireChannelRead(AbstractChannelHandlerContext.java:304) ~[netty-all-4.0.33.Final.jar:4.0.33.Final]
	at io.netty.channel.DefaultChannelPipeline.fireChannelRead(DefaultChannelPipeline.java:846) ~[netty-all-4.0.33.Final.jar:4.0.33.Final]
	at io.netty.channel.nio.AbstractNioByteChannel$NioByteUnsafe.read(AbstractNioByteChannel.java:131) ~[netty-all-4.0.33.Final.jar:4.0.33.Final]
	at io.netty.channel.nio.NioEventLoop.processSelectedKey(NioEventLoop.java:511) ~[netty-all-4.0.33.Final.jar:4.0.33.Final]
	at io.netty.channel.nio.NioEventLoop.processSelectedKeysOptimized(NioEventLoop.java:468) ~[netty-all-4.0.33.Final.jar:4.0.33.Final]
	at io.netty.channel.nio.NioEventLoop.processSelectedKeys(NioEventLoop.java:382) ~[netty-all-4.0.33.Final.jar:4.0.33.Final]
	at io.netty.channel.nio.NioEventLoop.run(NioEventLoop.java:354) ~[netty-all-4.0.33.Final.jar:4.0.33.Final]
	at io.netty.util.concurrent.SingleThreadEventExecutor$2.run(SingleThreadEventExecutor.java:112) ~[netty-all-4.0.33.Final.jar:4.0.33.Final]
	... 1 more
14:45:22.909 [SimpleAsyncTaskExecutor-38] ERROR com.datastax.studio.execution.Executor ID:  TS: - Exception while executing cell 5d589502-8216-4910-9fd2-e16d77aa1e1f.
java.util.concurrent.CompletionException: org.apache.tinkerpop.gremlin.driver.exception.ResponseException: startup failed:
Script33.groovy: 1: unexpected token: > @ line 1, column 85.
   isMemberOf').has('confidence',>50).inV()
                                 ^

1 error

	at java.util.concurrent.CompletableFuture.reportJoin(CompletableFuture.java:375) ~[?:1.8.0_60]
	at java.util.concurrent.CompletableFuture.join(CompletableFuture.java:1934) ~[?:1.8.0_60]
	at org.apache.tinkerpop.gremlin.driver.ResultSet.one(ResultSet.java:79) ~[gremlin-driver-3.2.1-20160617-668bee37.jar:3.2.1-20160617-668bee37]
	at org.apache.tinkerpop.gremlin.driver.ResultSet$1.hasNext(ResultSet.java:130) ~[gremlin-driver-3.2.1-20160617-668bee37.jar:3.2.1-20160617-668bee37]
	at com.datastax.studio.execution.gremlin.GremlinExecutor.execute(GremlinExecutor.java:108) ~[GremlinExecutor.class:?]
	at com.datastax.studio.execution.gremlin.GremlinExecutor.execute(GremlinExecutor.java:75) ~[GremlinExecutor.class:?]
	at com.datastax.studio.execution.Executor.executeCell(Executor.java:65) [Executor.class:?]
	at com.datastax.studio.execution.Executor$$FastClassBySpringCGLIB$$9b7957c2.invoke(<generated>) [spring-core-4.1.5.RELEASE.jar:?]
	at org.springframework.cglib.proxy.MethodProxy.invoke(MethodProxy.java:204) [spring-core-4.1.5.RELEASE.jar:4.1.5.RELEASE]
	at org.springframework.aop.framework.CglibAopProxy$CglibMethodInvocation.invokeJoinpoint(CglibAopProxy.java:717) [spring-aop-4.1.5.RELEASE.jar:4.1.5.RELEASE]
	at org.springframework.aop.framework.ReflectiveMethodInvocation.proceed(ReflectiveMethodInvocation.java:157) [spring-aop-4.1.5.RELEASE.jar:4.1.5.RELEASE]
	at org.springframework.aop.interceptor.AsyncExecutionInterceptor$1.call(AsyncExecutionInterceptor.java:110) [spring-aop-4.1.5.RELEASE.jar:4.1.5.RELEASE]
	at java.util.concurrent.FutureTask.run(FutureTask.java:266) [?:1.8.0_60]
	at java.lang.Thread.run(Thread.java:745) [?:1.8.0_60]
Caused by: org.apache.tinkerpop.gremlin.driver.exception.ResponseException: startup failed:
Script33.groovy: 1: unexpected token: > @ line 1, column 85.
   isMemberOf').has('confidence',>50).inV()
                                 ^

1 error

	at org.apache.tinkerpop.gremlin.driver.Handler$GremlinResponseHandler.channelRead0(Handler.java:201) ~[gremlin-driver-3.2.1-20160617-668bee37.jar:3.2.1-20160617-668bee37]
	at org.apache.tinkerpop.gremlin.driver.Handler$GremlinResponseHandler.channelRead0(Handler.java:172) ~[gremlin-driver-3.2.1-20160617-668bee37.jar:3.2.1-20160617-668bee37]
	at io.netty.channel.SimpleChannelInboundHandler.channelRead(SimpleChannelInboundHandler.java:105) ~[netty-all-4.0.33.Final.jar:4.0.33.Final]
	at io.netty.channel.AbstractChannelHandlerContext.invokeChannelRead(AbstractChannelHandlerContext.java:318) ~[netty-all-4.0.33.Final.jar:4.0.33.Final]
	at io.netty.channel.AbstractChannelHandlerContext.fireChannelRead(AbstractChannelHandlerContext.java:304) ~[netty-all-4.0.33.Final.jar:4.0.33.Final]
	at org.apache.tinkerpop.gremlin.driver.Handler$GremlinSaslAuthenticationHandler.channelRead0(Handler.java:100) ~[gremlin-driver-3.2.1-20160617-668bee37.jar:3.2.1-20160617-668bee37]
	at org.apache.tinkerpop.gremlin.driver.Handler$GremlinSaslAuthenticationHandler.channelRead0(Handler.java:67) ~[gremlin-driver-3.2.1-20160617-668bee37.jar:3.2.1-20160617-668bee37]
	at io.netty.channel.SimpleChannelInboundHandler.channelRead(SimpleChannelInboundHandler.java:105) ~[netty-all-4.0.33.Final.jar:4.0.33.Final]
	at io.netty.channel.AbstractChannelHandlerContext.invokeChannelRead(AbstractChannelHandlerContext.java:318) ~[netty-all-4.0.33.Final.jar:4.0.33.Final]
	at io.netty.channel.AbstractChannelHandlerContext.fireChannelRead(AbstractChannelHandlerContext.java:304) ~[netty-all-4.0.33.Final.jar:4.0.33.Final]
	at io.netty.handler.codec.MessageToMessageDecoder.channelRead(MessageToMessageDecoder.java:103) ~[netty-all-4.0.33.Final.jar:4.0.33.Final]
	at io.netty.channel.AbstractChannelHandlerContext.invokeChannelRead(AbstractChannelHandlerContext.java:318) ~[netty-all-4.0.33.Final.jar:4.0.33.Final]
	at io.netty.channel.AbstractChannelHandlerContext.fireChannelRead(AbstractChannelHandlerContext.java:304) ~[netty-all-4.0.33.Final.jar:4.0.33.Final]
	at org.apache.tinkerpop.gremlin.driver.handler.WebSocketClientHandler.channelRead0(WebSocketClientHandler.java:90) ~[gremlin-driver-3.2.1-20160617-668bee37.jar:3.2.1-20160617-668bee37]
	at io.netty.channel.SimpleChannelInboundHandler.channelRead(SimpleChannelInboundHandler.java:105) ~[netty-all-4.0.33.Final.jar:4.0.33.Final]
	at io.netty.channel.AbstractChannelHandlerContext.invokeChannelRead(AbstractChannelHandlerContext.java:318) ~[netty-all-4.0.33.Final.jar:4.0.33.Final]
	at io.netty.channel.AbstractChannelHandlerContext.fireChannelRead(AbstractChannelHandlerContext.java:304) ~[netty-all-4.0.33.Final.jar:4.0.33.Final]
	at io.netty.handler.codec.ByteToMessageDecoder.fireChannelRead(ByteToMessageDecoder.java:276) ~[netty-all-4.0.33.Final.jar:4.0.33.Final]
	at io.netty.handler.codec.ByteToMessageDecoder.channelRead(ByteToMessageDecoder.java:263) ~[netty-all-4.0.33.Final.jar:4.0.33.Final]
	at io.netty.channel.AbstractChannelHandlerContext.invokeChannelRead(AbstractChannelHandlerContext.java:318) ~[netty-all-4.0.33.Final.jar:4.0.33.Final]
	at io.netty.channel.AbstractChannelHandlerContext.fireChannelRead(AbstractChannelHandlerContext.java:304) ~[netty-all-4.0.33.Final.jar:4.0.33.Final]
	at io.netty.channel.DefaultChannelPipeline.fireChannelRead(DefaultChannelPipeline.java:846) ~[netty-all-4.0.33.Final.jar:4.0.33.Final]
	at io.netty.channel.nio.AbstractNioByteChannel$NioByteUnsafe.read(AbstractNioByteChannel.java:131) ~[netty-all-4.0.33.Final.jar:4.0.33.Final]
	at io.netty.channel.nio.NioEventLoop.processSelectedKey(NioEventLoop.java:511) ~[netty-all-4.0.33.Final.jar:4.0.33.Final]
	at io.netty.channel.nio.NioEventLoop.processSelectedKeysOptimized(NioEventLoop.java:468) ~[netty-all-4.0.33.Final.jar:4.0.33.Final]
	at io.netty.channel.nio.NioEventLoop.processSelectedKeys(NioEventLoop.java:382) ~[netty-all-4.0.33.Final.jar:4.0.33.Final]
	at io.netty.channel.nio.NioEventLoop.run(NioEventLoop.java:354) ~[netty-all-4.0.33.Final.jar:4.0.33.Final]
	at io.netty.util.concurrent.SingleThreadEventExecutor$2.run(SingleThreadEventExecutor.java:112) ~[netty-all-4.0.33.Final.jar:4.0.33.Final]
	... 1 more
14:45:44.141 [SimpleAsyncTaskExecutor-39] ERROR com.datastax.studio.execution.Executor ID:  TS: - Exception while executing cell 5d589502-8216-4910-9fd2-e16d77aa1e1f.
java.util.concurrent.CompletionException: org.apache.tinkerpop.gremlin.driver.exception.ResponseException: No such property: gt50 for class: Script34
	at java.util.concurrent.CompletableFuture.reportJoin(CompletableFuture.java:375) ~[?:1.8.0_60]
	at java.util.concurrent.CompletableFuture.join(CompletableFuture.java:1934) ~[?:1.8.0_60]
	at org.apache.tinkerpop.gremlin.driver.ResultSet.one(ResultSet.java:79) ~[gremlin-driver-3.2.1-20160617-668bee37.jar:3.2.1-20160617-668bee37]
	at org.apache.tinkerpop.gremlin.driver.ResultSet$1.hasNext(ResultSet.java:130) ~[gremlin-driver-3.2.1-20160617-668bee37.jar:3.2.1-20160617-668bee37]
	at com.datastax.studio.execution.gremlin.GremlinExecutor.execute(GremlinExecutor.java:108) ~[GremlinExecutor.class:?]
	at com.datastax.studio.execution.gremlin.GremlinExecutor.execute(GremlinExecutor.java:75) ~[GremlinExecutor.class:?]
	at com.datastax.studio.execution.Executor.executeCell(Executor.java:65) [Executor.class:?]
	at com.datastax.studio.execution.Executor$$FastClassBySpringCGLIB$$9b7957c2.invoke(<generated>) [spring-core-4.1.5.RELEASE.jar:?]
	at org.springframework.cglib.proxy.MethodProxy.invoke(MethodProxy.java:204) [spring-core-4.1.5.RELEASE.jar:4.1.5.RELEASE]
	at org.springframework.aop.framework.CglibAopProxy$CglibMethodInvocation.invokeJoinpoint(CglibAopProxy.java:717) [spring-aop-4.1.5.RELEASE.jar:4.1.5.RELEASE]
	at org.springframework.aop.framework.ReflectiveMethodInvocation.proceed(ReflectiveMethodInvocation.java:157) [spring-aop-4.1.5.RELEASE.jar:4.1.5.RELEASE]
	at org.springframework.aop.interceptor.AsyncExecutionInterceptor$1.call(AsyncExecutionInterceptor.java:110) [spring-aop-4.1.5.RELEASE.jar:4.1.5.RELEASE]
	at java.util.concurrent.FutureTask.run(FutureTask.java:266) [?:1.8.0_60]
	at java.lang.Thread.run(Thread.java:745) [?:1.8.0_60]
Caused by: org.apache.tinkerpop.gremlin.driver.exception.ResponseException: No such property: gt50 for class: Script34
	at org.apache.tinkerpop.gremlin.driver.Handler$GremlinResponseHandler.channelRead0(Handler.java:201) ~[gremlin-driver-3.2.1-20160617-668bee37.jar:3.2.1-20160617-668bee37]
	at org.apache.tinkerpop.gremlin.driver.Handler$GremlinResponseHandler.channelRead0(Handler.java:172) ~[gremlin-driver-3.2.1-20160617-668bee37.jar:3.2.1-20160617-668bee37]
	at io.netty.channel.SimpleChannelInboundHandler.channelRead(SimpleChannelInboundHandler.java:105) ~[netty-all-4.0.33.Final.jar:4.0.33.Final]
	at io.netty.channel.AbstractChannelHandlerContext.invokeChannelRead(AbstractChannelHandlerContext.java:318) ~[netty-all-4.0.33.Final.jar:4.0.33.Final]
	at io.netty.channel.AbstractChannelHandlerContext.fireChannelRead(AbstractChannelHandlerContext.java:304) ~[netty-all-4.0.33.Final.jar:4.0.33.Final]
	at org.apache.tinkerpop.gremlin.driver.Handler$GremlinSaslAuthenticationHandler.channelRead0(Handler.java:100) ~[gremlin-driver-3.2.1-20160617-668bee37.jar:3.2.1-20160617-668bee37]
	at org.apache.tinkerpop.gremlin.driver.Handler$GremlinSaslAuthenticationHandler.channelRead0(Handler.java:67) ~[gremlin-driver-3.2.1-20160617-668bee37.jar:3.2.1-20160617-668bee37]
	at io.netty.channel.SimpleChannelInboundHandler.channelRead(SimpleChannelInboundHandler.java:105) ~[netty-all-4.0.33.Final.jar:4.0.33.Final]
	at io.netty.channel.AbstractChannelHandlerContext.invokeChannelRead(AbstractChannelHandlerContext.java:318) ~[netty-all-4.0.33.Final.jar:4.0.33.Final]
	at io.netty.channel.AbstractChannelHandlerContext.fireChannelRead(AbstractChannelHandlerContext.java:304) ~[netty-all-4.0.33.Final.jar:4.0.33.Final]
	at io.netty.handler.codec.MessageToMessageDecoder.channelRead(MessageToMessageDecoder.java:103) ~[netty-all-4.0.33.Final.jar:4.0.33.Final]
	at io.netty.channel.AbstractChannelHandlerContext.invokeChannelRead(AbstractChannelHandlerContext.java:318) ~[netty-all-4.0.33.Final.jar:4.0.33.Final]
	at io.netty.channel.AbstractChannelHandlerContext.fireChannelRead(AbstractChannelHandlerContext.java:304) ~[netty-all-4.0.33.Final.jar:4.0.33.Final]
	at org.apache.tinkerpop.gremlin.driver.handler.WebSocketClientHandler.channelRead0(WebSocketClientHandler.java:90) ~[gremlin-driver-3.2.1-20160617-668bee37.jar:3.2.1-20160617-668bee37]
	at io.netty.channel.SimpleChannelInboundHandler.channelRead(SimpleChannelInboundHandler.java:105) ~[netty-all-4.0.33.Final.jar:4.0.33.Final]
	at io.netty.channel.AbstractChannelHandlerContext.invokeChannelRead(AbstractChannelHandlerContext.java:318) ~[netty-all-4.0.33.Final.jar:4.0.33.Final]
	at io.netty.channel.AbstractChannelHandlerContext.fireChannelRead(AbstractChannelHandlerContext.java:304) ~[netty-all-4.0.33.Final.jar:4.0.33.Final]
	at io.netty.handler.codec.ByteToMessageDecoder.fireChannelRead(ByteToMessageDecoder.java:276) ~[netty-all-4.0.33.Final.jar:4.0.33.Final]
	at io.netty.handler.codec.ByteToMessageDecoder.channelRead(ByteToMessageDecoder.java:263) ~[netty-all-4.0.33.Final.jar:4.0.33.Final]
	at io.netty.channel.AbstractChannelHandlerContext.invokeChannelRead(AbstractChannelHandlerContext.java:318) ~[netty-all-4.0.33.Final.jar:4.0.33.Final]
	at io.netty.channel.AbstractChannelHandlerContext.fireChannelRead(AbstractChannelHandlerContext.java:304) ~[netty-all-4.0.33.Final.jar:4.0.33.Final]
	at io.netty.channel.DefaultChannelPipeline.fireChannelRead(DefaultChannelPipeline.java:846) ~[netty-all-4.0.33.Final.jar:4.0.33.Final]
	at io.netty.channel.nio.AbstractNioByteChannel$NioByteUnsafe.read(AbstractNioByteChannel.java:131) ~[netty-all-4.0.33.Final.jar:4.0.33.Final]
	at io.netty.channel.nio.NioEventLoop.processSelectedKey(NioEventLoop.java:511) ~[netty-all-4.0.33.Final.jar:4.0.33.Final]
	at io.netty.channel.nio.NioEventLoop.processSelectedKeysOptimized(NioEventLoop.java:468) ~[netty-all-4.0.33.Final.jar:4.0.33.Final]
	at io.netty.channel.nio.NioEventLoop.processSelectedKeys(NioEventLoop.java:382) ~[netty-all-4.0.33.Final.jar:4.0.33.Final]
	at io.netty.channel.nio.NioEventLoop.run(NioEventLoop.java:354) ~[netty-all-4.0.33.Final.jar:4.0.33.Final]
	at io.netty.util.concurrent.SingleThreadEventExecutor$2.run(SingleThreadEventExecutor.java:112) ~[netty-all-4.0.33.Final.jar:4.0.33.Final]
	... 1 more
