2017-01-09 15:16:31 INFO  Executable:56 - Setting configuration dryrun=true
2017-01-09 15:16:31 DEBUG Executable:64 - Setting cluster builder: com.datastax.dsegraphloader.api.ClusterBuilder@4d50efb8
2017-01-09 15:16:31 DEBUG SystemProperties:32 - com.datastax.driver.NEW_NODE_DELAY_SECONDS is undefined, using default value 1
2017-01-09 15:16:31 DEBUG SystemProperties:32 - com.datastax.driver.NON_BLOCKING_EXECUTOR_SIZE is undefined, using default value 3
2017-01-09 15:16:31 DEBUG SystemProperties:32 - com.datastax.driver.NOTIF_LOCK_TIMEOUT_SECONDS is undefined, using default value 60
2017-01-09 15:16:31 DEBUG Cluster:1360 - Starting new cluster with contact points [localhost/127.0.0.1:9042]
2017-01-09 15:16:31 DEBUG InternalLoggerFactory:71 - Using SLF4J as the default logging framework
2017-01-09 15:16:31 DEBUG PlatformDependent0:76 - java.nio.Buffer.address: available
2017-01-09 15:16:31 DEBUG PlatformDependent0:76 - sun.misc.Unsafe.theUnsafe: available
2017-01-09 15:16:31 DEBUG PlatformDependent0:71 - sun.misc.Unsafe.copyMemory: available
2017-01-09 15:16:31 DEBUG PlatformDependent0:76 - java.nio.Bits.unaligned: true
2017-01-09 15:16:31 DEBUG PlatformDependent:76 - Java version: 8
2017-01-09 15:16:31 DEBUG PlatformDependent:76 - -Dio.netty.noUnsafe: false
2017-01-09 15:16:31 DEBUG PlatformDependent:76 - sun.misc.Unsafe: available
2017-01-09 15:16:31 DEBUG PlatformDependent:76 - -Dio.netty.noJavassist: false
2017-01-09 15:16:31 DEBUG PlatformDependent:71 - Javassist: unavailable
2017-01-09 15:16:31 DEBUG PlatformDependent:71 - You don't have Javassist in your class path or you don't have enough permission to load dynamically generated classes.  Please check the configuration for better performance.
2017-01-09 15:16:31 DEBUG PlatformDependent:76 - -Dio.netty.tmpdir: /tmp (java.io.tmpdir)
2017-01-09 15:16:31 DEBUG PlatformDependent:76 - -Dio.netty.bitMode: 64 (sun.arch.data.model)
2017-01-09 15:16:31 DEBUG PlatformDependent:76 - -Dio.netty.noPreferDirect: false
2017-01-09 15:16:31 DEBUG SystemProperties:48 - com.datastax.driver.FORCE_NIO is undefined, using default value false
2017-01-09 15:16:31 DEBUG NativeLibraryLoader:71 - -Dio.netty.tmpdir: /tmp (java.io.tmpdir)
2017-01-09 15:16:31 DEBUG NativeLibraryLoader:71 - -Dio.netty.native.workdir: /tmp (io.netty.tmpdir)
2017-01-09 15:16:31 INFO  NettyUtil:79 - Found Netty's native epoll transport in the classpath, using it
2017-01-09 15:16:31 DEBUG MultithreadEventLoopGroup:76 - -Dio.netty.eventLoopThreads: 6
2017-01-09 15:16:31 DEBUG ResourceLeakDetector:81 - -Dio.netty.leakDetection.level: simple
2017-01-09 15:16:31 DEBUG ResourceLeakDetector:81 - -Dio.netty.leakDetection.maxRecords: 4
2017-01-09 15:16:31 DEBUG SystemProperties:48 - com.datastax.driver.EXTENDED_PEER_CHECK is undefined, using default value true
2017-01-09 15:16:31 DEBUG STATES:88 - [localhost/127.0.0.1:9042] preparing to open 1 new connections, total = 1
2017-01-09 15:16:31 DEBUG SystemProperties:48 - com.datastax.driver.DISABLE_COALESCING is undefined, using default value false
2017-01-09 15:16:31 DEBUG PooledByteBufAllocator:76 - -Dio.netty.allocator.numHeapArenas: 6
2017-01-09 15:16:31 DEBUG PooledByteBufAllocator:76 - -Dio.netty.allocator.numDirectArenas: 6
2017-01-09 15:16:31 DEBUG PooledByteBufAllocator:76 - -Dio.netty.allocator.pageSize: 8192
2017-01-09 15:16:31 DEBUG PooledByteBufAllocator:76 - -Dio.netty.allocator.maxOrder: 11
2017-01-09 15:16:31 DEBUG PooledByteBufAllocator:76 - -Dio.netty.allocator.chunkSize: 16777216
2017-01-09 15:16:31 DEBUG PooledByteBufAllocator:76 - -Dio.netty.allocator.tinyCacheSize: 512
2017-01-09 15:16:31 DEBUG PooledByteBufAllocator:76 - -Dio.netty.allocator.smallCacheSize: 256
2017-01-09 15:16:31 DEBUG PooledByteBufAllocator:76 - -Dio.netty.allocator.normalCacheSize: 64
2017-01-09 15:16:31 DEBUG PooledByteBufAllocator:76 - -Dio.netty.allocator.maxCachedBufferCapacity: 32768
2017-01-09 15:16:31 DEBUG PooledByteBufAllocator:76 - -Dio.netty.allocator.cacheTrimInterval: 8192
2017-01-09 15:16:31 DEBUG ThreadLocalRandom:71 - -Dio.netty.initialSeedUniquifier: 0x6c967470a974e68f (took 0 ms)
2017-01-09 15:16:31 DEBUG ByteBufUtil:76 - -Dio.netty.allocator.type: unpooled
2017-01-09 15:16:31 DEBUG ByteBufUtil:76 - -Dio.netty.threadLocalDirectBufferSize: 65536
2017-01-09 15:16:31 DEBUG ByteBufUtil:76 - -Dio.netty.maxThreadLocalCharBufferSize: 16384
2017-01-09 15:16:32 DEBUG Connection:160 - Connection[localhost/127.0.0.1:9042-1, inFlight=0, closed=false] Connection established, initializing transport
2017-01-09 15:16:32 DEBUG Recycler:76 - -Dio.netty.recycler.maxCapacity.default: 262144
2017-01-09 15:16:32 DEBUG AbstractByteBuf:81 - -Dio.netty.buffer.bytebuf.checkAccessible: true
2017-01-09 15:16:32 DEBUG STATES:307 - [localhost/127.0.0.1:9042] Connection[localhost/127.0.0.1:9042-1, inFlight=0, closed=false] Transport initialized, connection ready
2017-01-09 15:16:32 DEBUG ControlConnection:534 - [Control connection] Refreshing node list and token map
2017-01-09 15:16:32 DEBUG ControlConnection:272 - [Control connection] Refreshing schema
2017-01-09 15:16:32 DEBUG ControlConnection:534 - [Control connection] Refreshing node list and token map
2017-01-09 15:16:32 DEBUG ReplicationStrategy$NetworkTopologyStrategy:123 - Computing token to replica map for keyspace: cfs.
2017-01-09 15:16:32 DEBUG ReplicationStrategy$NetworkTopologyStrategy:211 - Token to replica map computation for keyspace cfs completed in 0 milliseconds
2017-01-09 15:16:32 DEBUG STATES:183 - [Control connection] established to localhost/127.0.0.1:9042
2017-01-09 15:16:32 INFO  DCAwareRoundRobinPolicy:95 - Using data-center name 'SearchGraphAnalytics' for DCAwareRoundRobinPolicy (if this is incorrect, please provide the correct datacenter name with DCAwareRoundRobinPolicy constructor)
2017-01-09 15:16:32 INFO  Cluster:1485 - New Cassandra host localhost/127.0.0.1:9042 added
2017-01-09 15:16:32 WARN  ClusterBuilder:215 - Found node running unsupported version: 5.0.3, IP: localhost/127.0.0.1
2017-01-09 15:16:32 DEBUG SystemProperties:48 - com.datastax.driver.CHECK_IO_DEADLOCKS is undefined, using default value true
2017-01-09 15:16:32 DEBUG STATES:88 - [localhost/127.0.0.1:9042] preparing to open 1 new connections, total = 2
2017-01-09 15:16:32 DEBUG Connection:160 - Connection[localhost/127.0.0.1:9042-2, inFlight=0, closed=false] Connection established, initializing transport
2017-01-09 15:16:32 DEBUG STATES:307 - [localhost/127.0.0.1:9042] Connection[localhost/127.0.0.1:9042-2, inFlight=0, closed=false] Transport initialized, connection ready
2017-01-09 15:16:32 DEBUG HostConnectionPool:153 - Created connection pool to host localhost/127.0.0.1:9042 (1 connections needed, 1 successfully opened)
2017-01-09 15:16:32 DEBUG Session:368 - Added connection pool for localhost/127.0.0.1:9042
2017-01-09 15:16:33 ERROR Executable:173 - Encountered error while loading
com.datastax.driver.core.exceptions.InvalidQueryException: gremlin.graph.name must must only consist of letters, numbers, and underscores: northwind.kryo is invalid
	at com.datastax.driver.core.exceptions.InvalidQueryException.copy(InvalidQueryException.java:50)
	at com.datastax.driver.dse.DriverThrowables.propagateCause(DriverThrowables.java:26)
	at com.datastax.driver.dse.DefaultDseSession.executeGraph(DefaultDseSession.java:74)
	at com.datastax.driver.dse.DefaultDseSession.executeGraph(DefaultDseSession.java:61)
	at com.datastax.dsegraphloader.api.ClusterBuilder.build(ClusterBuilder.java:237)
	at com.datastax.dsegraphloader.api.DataLoader.connect(DataLoader.java:116)
	at com.datastax.dsegraphloader.cli.Executable.execute(Executable.java:66)
	at com.datastax.dsegraphloader.cli.Executable.main(Executable.java:171)
Caused by: com.datastax.driver.core.exceptions.InvalidQueryException: gremlin.graph.name must must only consist of letters, numbers, and underscores: northwind.kryo is invalid
	at com.datastax.driver.core.Responses$Error.asException(Responses.java:136)
	at com.datastax.driver.core.DefaultResultSetFuture.onSet(DefaultResultSetFuture.java:179)
	at com.datastax.driver.core.RequestHandler.setFinalResult(RequestHandler.java:173)
	at com.datastax.driver.core.RequestHandler.access$2500(RequestHandler.java:43)
	at com.datastax.driver.core.RequestHandler$SpeculativeExecution.setFinalResult(RequestHandler.java:788)
	at com.datastax.driver.core.RequestHandler$SpeculativeExecution.onSet(RequestHandler.java:607)
	at com.datastax.driver.core.Connection$Dispatcher.channelRead0(Connection.java:1012)
	at com.datastax.driver.core.Connection$Dispatcher.channelRead0(Connection.java:935)
	at io.netty.channel.SimpleChannelInboundHandler.channelRead(SimpleChannelInboundHandler.java:105)
	at io.netty.channel.AbstractChannelHandlerContext.invokeChannelRead(AbstractChannelHandlerContext.java:318)
	at io.netty.channel.AbstractChannelHandlerContext.fireChannelRead(AbstractChannelHandlerContext.java:304)
	at io.netty.handler.timeout.IdleStateHandler.channelRead(IdleStateHandler.java:266)
	at io.netty.channel.AbstractChannelHandlerContext.invokeChannelRead(AbstractChannelHandlerContext.java:318)
	at io.netty.channel.AbstractChannelHandlerContext.fireChannelRead(AbstractChannelHandlerContext.java:304)
	at io.netty.handler.codec.MessageToMessageDecoder.channelRead(MessageToMessageDecoder.java:103)
	at io.netty.channel.AbstractChannelHandlerContext.invokeChannelRead(AbstractChannelHandlerContext.java:318)
	at io.netty.channel.AbstractChannelHandlerContext.fireChannelRead(AbstractChannelHandlerContext.java:304)
	at io.netty.handler.codec.ByteToMessageDecoder.fireChannelRead(ByteToMessageDecoder.java:276)
	at io.netty.handler.codec.ByteToMessageDecoder.channelRead(ByteToMessageDecoder.java:263)
	at io.netty.channel.AbstractChannelHandlerContext.invokeChannelRead(AbstractChannelHandlerContext.java:318)
	at io.netty.channel.AbstractChannelHandlerContext.fireChannelRead(AbstractChannelHandlerContext.java:304)
	at io.netty.channel.DefaultChannelPipeline.fireChannelRead(DefaultChannelPipeline.java:846)
	at io.netty.channel.epoll.EpollSocketChannel$EpollSocketUnsafe.epollInReady(EpollSocketChannel.java:722)
	at io.netty.channel.epoll.EpollEventLoop.processReady(EpollEventLoop.java:326)
	at io.netty.channel.epoll.EpollEventLoop.run(EpollEventLoop.java:264)
	at io.netty.util.concurrent.SingleThreadEventExecutor$2.run(SingleThreadEventExecutor.java:112)
	at java.lang.Thread.run(Thread.java:745)
